{"/Users/valerieparracortes/Desktop/challenges/meli-prototype/frontend/src/App.styled.ts": {"path":"/Users/valerieparracortes/Desktop/challenges/meli-prototype/frontend/src/App.styled.ts","all":true,"statementMap":{"0":{"start":{"line":1,"column":0},"end":{"line":1,"column":39}},"2":{"start":{"line":3,"column":0},"end":{"line":3,"column":39}},"4":{"start":{"line":5,"column":0},"end":{"line":5,"column":46}},"5":{"start":{"line":6,"column":0},"end":{"line":6,"column":53}},"6":{"start":{"line":7,"column":0},"end":{"line":7,"column":69}},"7":{"start":{"line":8,"column":0},"end":{"line":8,"column":52}},"11":{"start":{"line":12,"column":0},"end":{"line":12,"column":31}},"12":{"start":{"line":13,"column":0},"end":{"line":13,"column":54}},"14":{"start":{"line":15,"column":0},"end":{"line":15,"column":52}},"15":{"start":{"line":16,"column":0},"end":{"line":16,"column":52}},"16":{"start":{"line":17,"column":0},"end":{"line":17,"column":56}},"20":{"start":{"line":21,"column":0},"end":{"line":21,"column":33}},"21":{"start":{"line":22,"column":0},"end":{"line":22,"column":54}},"22":{"start":{"line":23,"column":0},"end":{"line":23,"column":50}},"23":{"start":{"line":24,"column":0},"end":{"line":24,"column":52}}},"s":{"0":0,"2":0,"4":0,"5":0,"6":0,"7":0,"11":0,"12":0,"14":0,"15":0,"16":0,"20":0,"21":0,"22":0,"23":0},"branchMap":{"0":{"type":"branch","line":1,"loc":{"start":{"line":1,"column":822},"end":{"line":25,"column":2}},"locations":[{"start":{"line":1,"column":822},"end":{"line":25,"column":2}}]}},"b":{"0":[0]},"fnMap":{"0":{"name":"(empty-report)","decl":{"start":{"line":1,"column":822},"end":{"line":25,"column":2}},"loc":{"start":{"line":1,"column":822},"end":{"line":25,"column":2}},"line":1}},"f":{"0":0}}
,"/Users/valerieparracortes/Desktop/challenges/meli-prototype/frontend/src/App.tsx": {"path":"/Users/valerieparracortes/Desktop/challenges/meli-prototype/frontend/src/App.tsx","all":true,"statementMap":{"1":{"start":{"line":2,"column":0},"end":{"line":2,"column":36}},"3":{"start":{"line":4,"column":0},"end":{"line":4,"column":16}},"4":{"start":{"line":5,"column":0},"end":{"line":5,"column":23}},"5":{"start":{"line":6,"column":0},"end":{"line":6,"column":1}},"7":{"start":{"line":8,"column":0},"end":{"line":8,"column":18}}},"s":{"1":0,"3":0,"4":0,"5":0,"7":0},"branchMap":{"0":{"type":"branch","line":1,"loc":{"start":{"line":1,"column":101},"end":{"line":8,"column":18}},"locations":[{"start":{"line":1,"column":101},"end":{"line":8,"column":18}}]}},"b":{"0":[1]},"fnMap":{"0":{"name":"(empty-report)","decl":{"start":{"line":1,"column":101},"end":{"line":8,"column":18}},"loc":{"start":{"line":1,"column":101},"end":{"line":8,"column":18}},"line":1}},"f":{"0":1}}
,"/Users/valerieparracortes/Desktop/challenges/meli-prototype/frontend/src/AppRouter.tsx": {"path":"/Users/valerieparracortes/Desktop/challenges/meli-prototype/frontend/src/AppRouter.tsx","all":true,"statementMap":{"0":{"start":{"line":1,"column":0},"end":{"line":1,"column":71}},"1":{"start":{"line":2,"column":0},"end":{"line":2,"column":50}},"2":{"start":{"line":3,"column":0},"end":{"line":3,"column":41}},"3":{"start":{"line":4,"column":0},"end":{"line":4,"column":45}},"4":{"start":{"line":5,"column":0},"end":{"line":5,"column":45}},"5":{"start":{"line":6,"column":0},"end":{"line":6,"column":35}},"6":{"start":{"line":7,"column":0},"end":{"line":7,"column":49}},"8":{"start":{"line":9,"column":0},"end":{"line":9,"column":36}},"9":{"start":{"line":10,"column":0},"end":{"line":10,"column":3}},"10":{"start":{"line":11,"column":0},"end":{"line":11,"column":14}},"11":{"start":{"line":12,"column":0},"end":{"line":12,"column":14}},"12":{"start":{"line":13,"column":0},"end":{"line":13,"column":8}},"13":{"start":{"line":14,"column":0},"end":{"line":14,"column":18}},"14":{"start":{"line":15,"column":0},"end":{"line":15,"column":20}},"15":{"start":{"line":16,"column":0},"end":{"line":16,"column":9}},"17":{"start":{"line":18,"column":0},"end":{"line":18,"column":4}},"18":{"start":{"line":19,"column":0},"end":{"line":19,"column":3}},"19":{"start":{"line":20,"column":0},"end":{"line":20,"column":22}},"20":{"start":{"line":21,"column":0},"end":{"line":21,"column":14}},"21":{"start":{"line":22,"column":0},"end":{"line":22,"column":8}},"22":{"start":{"line":23,"column":0},"end":{"line":23,"column":18}},"23":{"start":{"line":24,"column":0},"end":{"line":24,"column":20}},"24":{"start":{"line":25,"column":0},"end":{"line":25,"column":9}},"26":{"start":{"line":27,"column":0},"end":{"line":27,"column":4}},"27":{"start":{"line":28,"column":0},"end":{"line":28,"column":3}},"29":{"start":{"line":30,"column":0},"end":{"line":30,"column":25}},"30":{"start":{"line":31,"column":0},"end":{"line":31,"column":10}},"31":{"start":{"line":32,"column":0},"end":{"line":32,"column":33}},"32":{"start":{"line":33,"column":0},"end":{"line":33,"column":22}},"33":{"start":{"line":34,"column":0},"end":{"line":34,"column":40}},"34":{"start":{"line":35,"column":0},"end":{"line":35,"column":20}},"36":{"start":{"line":37,"column":0},"end":{"line":37,"column":2}},"38":{"start":{"line":39,"column":0},"end":{"line":39,"column":25}}},"s":{"0":0,"1":0,"2":0,"3":0,"4":0,"5":0,"6":0,"8":0,"9":0,"10":0,"11":0,"12":0,"13":0,"14":0,"15":0,"17":0,"18":0,"19":0,"20":0,"21":0,"22":0,"23":0,"24":0,"26":0,"27":0,"29":0,"30":0,"31":0,"32":0,"33":0,"34":0,"36":0,"38":0},"branchMap":{"0":{"type":"branch","line":1,"loc":{"start":{"line":1,"column":794},"end":{"line":39,"column":25}},"locations":[{"start":{"line":1,"column":794},"end":{"line":39,"column":25}}]}},"b":{"0":[0]},"fnMap":{"0":{"name":"(empty-report)","decl":{"start":{"line":1,"column":794},"end":{"line":39,"column":25}},"loc":{"start":{"line":1,"column":794},"end":{"line":39,"column":25}},"line":1}},"f":{"0":0}}
,"/Users/valerieparracortes/Desktop/challenges/meli-prototype/frontend/src/main.tsx": {"path":"/Users/valerieparracortes/Desktop/challenges/meli-prototype/frontend/src/main.tsx","all":true,"statementMap":{"0":{"start":{"line":1,"column":0},"end":{"line":1,"column":34}},"1":{"start":{"line":2,"column":0},"end":{"line":2,"column":45}},"2":{"start":{"line":3,"column":0},"end":{"line":3,"column":27}},"4":{"start":{"line":5,"column":0},"end":{"line":5,"column":52}},"5":{"start":{"line":6,"column":0},"end":{"line":6,"column":14}},"6":{"start":{"line":7,"column":0},"end":{"line":7,"column":11}},"7":{"start":{"line":8,"column":0},"end":{"line":8,"column":16}},"8":{"start":{"line":9,"column":0},"end":{"line":9,"column":1}}},"s":{"0":0,"1":0,"2":0,"4":0,"5":0,"6":0,"7":0,"8":0},"branchMap":{"0":{"type":"branch","line":1,"loc":{"start":{"line":1,"column":182},"end":{"line":9,"column":-173}},"locations":[{"start":{"line":1,"column":182},"end":{"line":9,"column":-173}}]}},"b":{"0":[0]},"fnMap":{"0":{"name":"(empty-report)","decl":{"start":{"line":1,"column":182},"end":{"line":9,"column":-173}},"loc":{"start":{"line":1,"column":182},"end":{"line":9,"column":-173}},"line":1}},"f":{"0":0}}
,"/Users/valerieparracortes/Desktop/challenges/meli-prototype/frontend/src/components/index.ts": {"path":"/Users/valerieparracortes/Desktop/challenges/meli-prototype/frontend/src/components/index.ts","all":true,"statementMap":{"0":{"start":{"line":1,"column":0},"end":{"line":1,"column":51}},"1":{"start":{"line":2,"column":0},"end":{"line":2,"column":45}},"2":{"start":{"line":3,"column":0},"end":{"line":3,"column":49}},"3":{"start":{"line":4,"column":0},"end":{"line":4,"column":49}},"4":{"start":{"line":5,"column":0},"end":{"line":5,"column":49}},"5":{"start":{"line":6,"column":0},"end":{"line":6,"column":55}},"6":{"start":{"line":7,"column":0},"end":{"line":7,"column":55}},"7":{"start":{"line":8,"column":0},"end":{"line":8,"column":55}},"8":{"start":{"line":9,"column":0},"end":{"line":9,"column":71}},"9":{"start":{"line":10,"column":0},"end":{"line":10,"column":73}},"10":{"start":{"line":11,"column":0},"end":{"line":11,"column":63}},"11":{"start":{"line":12,"column":0},"end":{"line":12,"column":55}},"12":{"start":{"line":13,"column":0},"end":{"line":13,"column":57}},"13":{"start":{"line":14,"column":0},"end":{"line":14,"column":59}},"14":{"start":{"line":15,"column":0},"end":{"line":15,"column":73}},"15":{"start":{"line":16,"column":0},"end":{"line":16,"column":53}},"16":{"start":{"line":17,"column":0},"end":{"line":17,"column":75}},"17":{"start":{"line":18,"column":0},"end":{"line":18,"column":71}},"18":{"start":{"line":19,"column":0},"end":{"line":19,"column":57}},"19":{"start":{"line":20,"column":0},"end":{"line":20,"column":57}},"20":{"start":{"line":21,"column":0},"end":{"line":21,"column":53}},"21":{"start":{"line":22,"column":0},"end":{"line":22,"column":57}},"22":{"start":{"line":23,"column":0},"end":{"line":23,"column":57}},"23":{"start":{"line":24,"column":0},"end":{"line":24,"column":63}},"25":{"start":{"line":26,"column":0},"end":{"line":26,"column":126}}},"s":{"0":0,"1":0,"2":0,"3":0,"4":0,"5":0,"6":0,"7":0,"8":0,"9":0,"10":0,"11":0,"12":0,"13":0,"14":0,"15":0,"16":0,"17":0,"18":0,"19":0,"20":0,"21":0,"22":0,"23":0,"25":0},"branchMap":{"0":{"type":"branch","line":1,"loc":{"start":{"line":1,"column":1646},"end":{"line":26,"column":126}},"locations":[{"start":{"line":1,"column":1646},"end":{"line":26,"column":126}}]}},"b":{"0":[0]},"fnMap":{"0":{"name":"(empty-report)","decl":{"start":{"line":1,"column":1646},"end":{"line":26,"column":126}},"loc":{"start":{"line":1,"column":1646},"end":{"line":26,"column":126}},"line":1}},"f":{"0":0}}
,"/Users/valerieparracortes/Desktop/challenges/meli-prototype/frontend/src/components/Dropdown/Dropdown.styled.ts": {"path":"/Users/valerieparracortes/Desktop/challenges/meli-prototype/frontend/src/components/Dropdown/Dropdown.styled.ts","all":true,"statementMap":{"0":{"start":{"line":1,"column":0},"end":{"line":1,"column":39}},"2":{"start":{"line":3,"column":0},"end":{"line":3,"column":44}},"7":{"start":{"line":8,"column":0},"end":{"line":8,"column":42}},"8":{"start":{"line":9,"column":0},"end":{"line":9,"column":49}},"12":{"start":{"line":13,"column":0},"end":{"line":13,"column":42}},"13":{"start":{"line":14,"column":0},"end":{"line":14,"column":53}},"14":{"start":{"line":15,"column":0},"end":{"line":15,"column":50}},"15":{"start":{"line":16,"column":0},"end":{"line":16,"column":58}},"16":{"start":{"line":17,"column":0},"end":{"line":17,"column":52}},"17":{"start":{"line":18,"column":0},"end":{"line":18,"column":52}},"21":{"start":{"line":22,"column":0},"end":{"line":22,"column":44}},"22":{"start":{"line":23,"column":0},"end":{"line":23,"column":53}},"23":{"start":{"line":24,"column":0},"end":{"line":24,"column":52}},"24":{"start":{"line":25,"column":0},"end":{"line":25,"column":59}},"25":{"start":{"line":26,"column":0},"end":{"line":26,"column":52}},"26":{"start":{"line":27,"column":0},"end":{"line":27,"column":69}},"27":{"start":{"line":28,"column":0},"end":{"line":28,"column":65}},"28":{"start":{"line":29,"column":0},"end":{"line":29,"column":57}},"29":{"start":{"line":30,"column":0},"end":{"line":30,"column":81}},"32":{"start":{"line":33,"column":0},"end":{"line":33,"column":55}},"33":{"start":{"line":34,"column":0},"end":{"line":34,"column":49}},"36":{"start":{"line":37,"column":0},"end":{"line":37,"column":58}},"37":{"start":{"line":38,"column":0},"end":{"line":38,"column":53}},"42":{"start":{"line":43,"column":0},"end":{"line":43,"column":58}},"43":{"start":{"line":44,"column":0},"end":{"line":44,"column":68}},"47":{"start":{"line":48,"column":0},"end":{"line":48,"column":55}},"48":{"start":{"line":49,"column":0},"end":{"line":49,"column":54}},"49":{"start":{"line":50,"column":0},"end":{"line":50,"column":48}},"53":{"start":{"line":54,"column":0},"end":{"line":54,"column":42}}},"s":{"0":0,"2":0,"7":0,"8":0,"12":0,"13":0,"14":0,"15":0,"16":0,"17":0,"21":0,"22":0,"23":0,"24":0,"25":0,"26":0,"27":0,"28":0,"29":0,"32":0,"33":0,"36":0,"37":0,"42":0,"43":0,"47":0,"48":0,"49":0,"53":0},"branchMap":{"0":{"type":"branch","line":1,"loc":{"start":{"line":1,"column":1971},"end":{"line":61,"column":2}},"locations":[{"start":{"line":1,"column":1971},"end":{"line":61,"column":2}}]}},"b":{"0":[0]},"fnMap":{"0":{"name":"(empty-report)","decl":{"start":{"line":1,"column":1971},"end":{"line":61,"column":2}},"loc":{"start":{"line":1,"column":1971},"end":{"line":61,"column":2}},"line":1}},"f":{"0":0}}
,"/Users/valerieparracortes/Desktop/challenges/meli-prototype/frontend/src/components/Dropdown/Dropdown.tsx": {"path":"/Users/valerieparracortes/Desktop/challenges/meli-prototype/frontend/src/components/Dropdown/Dropdown.tsx","all":true,"statementMap":{"0":{"start":{"line":1,"column":0},"end":{"line":1,"column":33}},"1":{"start":{"line":2,"column":0},"end":{"line":2,"column":47}},"2":{"start":{"line":3,"column":0},"end":{"line":3,"column":9}},"13":{"start":{"line":14,"column":0},"end":{"line":14,"column":70}},"14":{"start":{"line":15,"column":0},"end":{"line":15,"column":57}},"15":{"start":{"line":16,"column":0},"end":{"line":16,"column":33}},"17":{"start":{"line":18,"column":0},"end":{"line":18,"column":73}},"18":{"start":{"line":19,"column":0},"end":{"line":19,"column":37}},"19":{"start":{"line":20,"column":0},"end":{"line":20,"column":28}},"20":{"start":{"line":21,"column":0},"end":{"line":21,"column":31}},"22":{"start":{"line":23,"column":0},"end":{"line":23,"column":32}},"23":{"start":{"line":24,"column":0},"end":{"line":24,"column":33}},"24":{"start":{"line":25,"column":0},"end":{"line":25,"column":5}},"25":{"start":{"line":26,"column":0},"end":{"line":26,"column":4}},"27":{"start":{"line":28,"column":0},"end":{"line":28,"column":10}},"28":{"start":{"line":29,"column":0},"end":{"line":29,"column":23}},"29":{"start":{"line":30,"column":0},"end":{"line":30,"column":23}},"30":{"start":{"line":31,"column":0},"end":{"line":31,"column":50}},"32":{"start":{"line":33,"column":0},"end":{"line":33,"column":24}},"33":{"start":{"line":34,"column":0},"end":{"line":34,"column":23}},"34":{"start":{"line":35,"column":0},"end":{"line":35,"column":31}},"35":{"start":{"line":36,"column":0},"end":{"line":36,"column":31}},"36":{"start":{"line":37,"column":0},"end":{"line":37,"column":33}},"38":{"start":{"line":39,"column":0},"end":{"line":39,"column":63}},"39":{"start":{"line":40,"column":0},"end":{"line":40,"column":79}},"40":{"start":{"line":41,"column":0},"end":{"line":41,"column":25}},"41":{"start":{"line":42,"column":0},"end":{"line":42,"column":24}},"42":{"start":{"line":43,"column":0},"end":{"line":43,"column":24}},"44":{"start":{"line":45,"column":0},"end":{"line":45,"column":2}},"46":{"start":{"line":47,"column":0},"end":{"line":47,"column":24}}},"s":{"0":0,"1":0,"2":0,"13":0,"14":0,"15":0,"17":0,"18":0,"19":0,"20":0,"22":0,"23":0,"24":0,"25":0,"27":0,"28":0,"29":0,"30":0,"32":0,"33":0,"34":0,"35":0,"36":0,"38":0,"39":0,"40":0,"41":0,"42":0,"44":0,"46":0},"branchMap":{"0":{"type":"branch","line":1,"loc":{"start":{"line":1,"column":1249},"end":{"line":47,"column":24}},"locations":[{"start":{"line":1,"column":1249},"end":{"line":47,"column":24}}]}},"b":{"0":[0]},"fnMap":{"0":{"name":"(empty-report)","decl":{"start":{"line":1,"column":1249},"end":{"line":47,"column":24}},"loc":{"start":{"line":1,"column":1249},"end":{"line":47,"column":24}},"line":1}},"f":{"0":0}}
,"/Users/valerieparracortes/Desktop/challenges/meli-prototype/frontend/src/components/Dropdown/index.ts": {"path":"/Users/valerieparracortes/Desktop/challenges/meli-prototype/frontend/src/components/Dropdown/index.ts","all":true,"statementMap":{"0":{"start":{"line":1,"column":0},"end":{"line":1,"column":37}}},"s":{"0":0},"branchMap":{"0":{"type":"branch","line":1,"loc":{"start":{"line":1,"column":37},"end":{"line":1,"column":37}},"locations":[{"start":{"line":1,"column":37},"end":{"line":1,"column":37}}]}},"b":{"0":[0]},"fnMap":{"0":{"name":"(empty-report)","decl":{"start":{"line":1,"column":37},"end":{"line":1,"column":37}},"loc":{"start":{"line":1,"column":37},"end":{"line":1,"column":37}},"line":1}},"f":{"0":0}}
,"/Users/valerieparracortes/Desktop/challenges/meli-prototype/frontend/src/components/FamilyBar/FamilyBar.styled.tsx": {"path":"/Users/valerieparracortes/Desktop/challenges/meli-prototype/frontend/src/components/FamilyBar/FamilyBar.styled.tsx","all":true,"statementMap":{"0":{"start":{"line":1,"column":0},"end":{"line":1,"column":39}},"2":{"start":{"line":3,"column":0},"end":{"line":3,"column":45}},"3":{"start":{"line":4,"column":0},"end":{"line":4,"column":71}},"4":{"start":{"line":5,"column":0},"end":{"line":5,"column":81}},"11":{"start":{"line":12,"column":0},"end":{"line":12,"column":38}},"12":{"start":{"line":13,"column":0},"end":{"line":13,"column":49}},"13":{"start":{"line":14,"column":0},"end":{"line":14,"column":50}},"14":{"start":{"line":15,"column":0},"end":{"line":15,"column":58}},"15":{"start":{"line":16,"column":0},"end":{"line":16,"column":53}}},"s":{"0":0,"2":0,"3":0,"4":0,"11":0,"12":0,"13":0,"14":0,"15":0},"branchMap":{"0":{"type":"branch","line":1,"loc":{"start":{"line":1,"column":575},"end":{"line":17,"column":2}},"locations":[{"start":{"line":1,"column":575},"end":{"line":17,"column":2}}]}},"b":{"0":[0]},"fnMap":{"0":{"name":"(empty-report)","decl":{"start":{"line":1,"column":575},"end":{"line":17,"column":2}},"loc":{"start":{"line":1,"column":575},"end":{"line":17,"column":2}},"line":1}},"f":{"0":0}}
,"/Users/valerieparracortes/Desktop/challenges/meli-prototype/frontend/src/components/FamilyBar/FamilyBar.tsx": {"path":"/Users/valerieparracortes/Desktop/challenges/meli-prototype/frontend/src/components/FamilyBar/FamilyBar.tsx","all":false,"statementMap":{"0":{"start":{"line":1,"column":0},"end":{"line":1,"column":49}},"1":{"start":{"line":2,"column":0},"end":{"line":2,"column":72}},"8":{"start":{"line":9,"column":0},"end":{"line":9,"column":73}},"9":{"start":{"line":10,"column":0},"end":{"line":10,"column":10}},"10":{"start":{"line":11,"column":0},"end":{"line":11,"column":24}},"11":{"start":{"line":12,"column":0},"end":{"line":12,"column":43}},"12":{"start":{"line":13,"column":0},"end":{"line":13,"column":42}},"13":{"start":{"line":14,"column":0},"end":{"line":14,"column":25}},"15":{"start":{"line":16,"column":0},"end":{"line":16,"column":2}},"17":{"start":{"line":18,"column":0},"end":{"line":18,"column":25}}},"s":{"0":1,"1":1,"8":1,"9":7,"10":7,"11":7,"12":7,"13":7,"15":7,"17":1},"branchMap":{"0":{"type":"branch","line":9,"loc":{"start":{"line":9,"column":44},"end":{"line":16,"column":2}},"locations":[{"start":{"line":9,"column":44},"end":{"line":16,"column":2}}]}},"b":{"0":[7]},"fnMap":{"0":{"name":"FamilyBar","decl":{"start":{"line":9,"column":44},"end":{"line":16,"column":2}},"loc":{"start":{"line":9,"column":44},"end":{"line":16,"column":2}},"line":9}},"f":{"0":7}}
,"/Users/valerieparracortes/Desktop/challenges/meli-prototype/frontend/src/components/FamilyBar/index.ts": {"path":"/Users/valerieparracortes/Desktop/challenges/meli-prototype/frontend/src/components/FamilyBar/index.ts","all":true,"statementMap":{"0":{"start":{"line":1,"column":0},"end":{"line":1,"column":38}}},"s":{"0":0},"branchMap":{"0":{"type":"branch","line":1,"loc":{"start":{"line":1,"column":38},"end":{"line":1,"column":38}},"locations":[{"start":{"line":1,"column":38},"end":{"line":1,"column":38}}]}},"b":{"0":[0]},"fnMap":{"0":{"name":"(empty-report)","decl":{"start":{"line":1,"column":38},"end":{"line":1,"column":38}},"loc":{"start":{"line":1,"column":38},"end":{"line":1,"column":38}},"line":1}},"f":{"0":0}}
,"/Users/valerieparracortes/Desktop/challenges/meli-prototype/frontend/src/components/HomePage/HomePage.tsx": {"path":"/Users/valerieparracortes/Desktop/challenges/meli-prototype/frontend/src/components/HomePage/HomePage.tsx","all":false,"statementMap":{"0":{"start":{"line":1,"column":0},"end":{"line":1,"column":65}},"1":{"start":{"line":2,"column":0},"end":{"line":2,"column":35}},"3":{"start":{"line":4,"column":0},"end":{"line":4,"column":34}},"4":{"start":{"line":5,"column":0},"end":{"line":5,"column":53}},"5":{"start":{"line":6,"column":0},"end":{"line":6,"column":49}},"6":{"start":{"line":7,"column":0},"end":{"line":7,"column":4}},"8":{"start":{"line":9,"column":0},"end":{"line":9,"column":10}},"9":{"start":{"line":10,"column":0},"end":{"line":10,"column":18}},"10":{"start":{"line":11,"column":0},"end":{"line":11,"column":47}},"11":{"start":{"line":12,"column":0},"end":{"line":12,"column":72}},"12":{"start":{"line":13,"column":0},"end":{"line":13,"column":61}},"13":{"start":{"line":14,"column":0},"end":{"line":14,"column":19}},"15":{"start":{"line":16,"column":0},"end":{"line":16,"column":2}},"17":{"start":{"line":18,"column":0},"end":{"line":18,"column":24}}},"s":{"0":1,"1":1,"3":1,"4":5,"5":1,"6":1,"8":5,"9":5,"10":5,"11":5,"12":5,"13":5,"15":5,"17":1},"branchMap":{"0":{"type":"branch","line":4,"loc":{"start":{"line":4,"column":27},"end":{"line":16,"column":2}},"locations":[{"start":{"line":4,"column":27},"end":{"line":16,"column":2}}]},"1":{"type":"branch","line":5,"loc":{"start":{"line":5,"column":33},"end":{"line":7,"column":4}},"locations":[{"start":{"line":5,"column":33},"end":{"line":7,"column":4}}]}},"b":{"0":[5],"1":[1]},"fnMap":{"0":{"name":"HomePage","decl":{"start":{"line":4,"column":27},"end":{"line":16,"column":2}},"loc":{"start":{"line":4,"column":27},"end":{"line":16,"column":2}},"line":4},"1":{"name":"handleProductSelection","decl":{"start":{"line":5,"column":33},"end":{"line":7,"column":4}},"loc":{"start":{"line":5,"column":33},"end":{"line":7,"column":4}},"line":5}},"f":{"0":5,"1":1}}
,"/Users/valerieparracortes/Desktop/challenges/meli-prototype/frontend/src/components/HomePage/index.ts": {"path":"/Users/valerieparracortes/Desktop/challenges/meli-prototype/frontend/src/components/HomePage/index.ts","all":true,"statementMap":{"0":{"start":{"line":1,"column":0},"end":{"line":1,"column":37}}},"s":{"0":0},"branchMap":{"0":{"type":"branch","line":1,"loc":{"start":{"line":1,"column":37},"end":{"line":1,"column":37}},"locations":[{"start":{"line":1,"column":37},"end":{"line":1,"column":37}}]}},"b":{"0":[0]},"fnMap":{"0":{"name":"(empty-report)","decl":{"start":{"line":1,"column":37},"end":{"line":1,"column":37}},"loc":{"start":{"line":1,"column":37},"end":{"line":1,"column":37}},"line":1}},"f":{"0":0}}
,"/Users/valerieparracortes/Desktop/challenges/meli-prototype/frontend/src/components/ItemDescription/ItemDescription.styled.tsx": {"path":"/Users/valerieparracortes/Desktop/challenges/meli-prototype/frontend/src/components/ItemDescription/ItemDescription.styled.tsx","all":true,"statementMap":{"0":{"start":{"line":1,"column":0},"end":{"line":1,"column":39}},"2":{"start":{"line":3,"column":0},"end":{"line":3,"column":47}},"5":{"start":{"line":6,"column":0},"end":{"line":6,"column":42}},"6":{"start":{"line":7,"column":0},"end":{"line":7,"column":51}},"9":{"start":{"line":10,"column":0},"end":{"line":10,"column":40}},"10":{"start":{"line":11,"column":0},"end":{"line":11,"column":54}},"11":{"start":{"line":12,"column":0},"end":{"line":12,"column":52}},"12":{"start":{"line":13,"column":0},"end":{"line":13,"column":59}},"15":{"start":{"line":16,"column":0},"end":{"line":16,"column":53}},"18":{"start":{"line":19,"column":0},"end":{"line":19,"column":50}},"19":{"start":{"line":20,"column":0},"end":{"line":20,"column":54}}},"s":{"0":0,"2":0,"5":0,"6":0,"9":0,"10":0,"11":0,"12":0,"15":0,"18":0,"19":0},"branchMap":{"0":{"type":"branch","line":1,"loc":{"start":{"line":1,"column":697},"end":{"line":24,"column":2}},"locations":[{"start":{"line":1,"column":697},"end":{"line":24,"column":2}}]}},"b":{"0":[0]},"fnMap":{"0":{"name":"(empty-report)","decl":{"start":{"line":1,"column":697},"end":{"line":24,"column":2}},"loc":{"start":{"line":1,"column":697},"end":{"line":24,"column":2}},"line":1}},"f":{"0":0}}
,"/Users/valerieparracortes/Desktop/challenges/meli-prototype/frontend/src/components/ItemDescription/ItemDescription.tsx": {"path":"/Users/valerieparracortes/Desktop/challenges/meli-prototype/frontend/src/components/ItemDescription/ItemDescription.tsx","all":false,"statementMap":{"0":{"start":{"line":1,"column":0},"end":{"line":1,"column":40}},"1":{"start":{"line":2,"column":0},"end":{"line":2,"column":9}},"6":{"start":{"line":7,"column":0},"end":{"line":7,"column":52}},"13":{"start":{"line":14,"column":0},"end":{"line":14,"column":23}},"15":{"start":{"line":16,"column":0},"end":{"line":16,"column":59}},"16":{"start":{"line":17,"column":0},"end":{"line":17,"column":15}},"17":{"start":{"line":18,"column":0},"end":{"line":18,"column":18}},"18":{"start":{"line":19,"column":0},"end":{"line":19,"column":7}},"19":{"start":{"line":20,"column":0},"end":{"line":20,"column":72}},"20":{"start":{"line":21,"column":0},"end":{"line":21,"column":59}},"22":{"start":{"line":23,"column":0},"end":{"line":23,"column":43}},"23":{"start":{"line":24,"column":0},"end":{"line":24,"column":33}},"24":{"start":{"line":25,"column":0},"end":{"line":25,"column":4}},"27":{"start":{"line":28,"column":0},"end":{"line":28,"column":50}},"28":{"start":{"line":29,"column":0},"end":{"line":29,"column":12}},"29":{"start":{"line":30,"column":0},"end":{"line":30,"column":28}},"30":{"start":{"line":31,"column":0},"end":{"line":31,"column":56}},"31":{"start":{"line":32,"column":0},"end":{"line":32,"column":29}},"33":{"start":{"line":34,"column":0},"end":{"line":34,"column":3}},"36":{"start":{"line":37,"column":0},"end":{"line":37,"column":58}},"37":{"start":{"line":38,"column":0},"end":{"line":38,"column":80}},"39":{"start":{"line":40,"column":0},"end":{"line":40,"column":10}},"40":{"start":{"line":41,"column":0},"end":{"line":41,"column":6}},"41":{"start":{"line":42,"column":0},"end":{"line":42,"column":26}},"42":{"start":{"line":43,"column":0},"end":{"line":43,"column":23}},"43":{"start":{"line":44,"column":0},"end":{"line":44,"column":21}},"44":{"start":{"line":45,"column":0},"end":{"line":45,"column":87}},"45":{"start":{"line":46,"column":0},"end":{"line":46,"column":24}},"46":{"start":{"line":47,"column":0},"end":{"line":47,"column":29}},"47":{"start":{"line":48,"column":0},"end":{"line":48,"column":25}},"48":{"start":{"line":49,"column":0},"end":{"line":49,"column":50}},"50":{"start":{"line":51,"column":0},"end":{"line":51,"column":15}},"51":{"start":{"line":52,"column":0},"end":{"line":52,"column":26}},"52":{"start":{"line":53,"column":0},"end":{"line":53,"column":7}},"54":{"start":{"line":55,"column":0},"end":{"line":55,"column":2}},"56":{"start":{"line":57,"column":0},"end":{"line":57,"column":31}}},"s":{"0":1,"1":1,"6":1,"13":1,"15":1,"16":34,"17":34,"18":34,"19":34,"20":34,"22":34,"23":5,"24":5,"27":34,"28":15,"29":15,"30":15,"31":15,"33":15,"36":19,"37":19,"39":19,"40":19,"41":19,"42":19,"43":19,"44":19,"45":34,"46":34,"47":34,"48":34,"50":34,"51":34,"52":34,"54":34,"56":1},"branchMap":{"0":{"type":"branch","line":16,"loc":{"start":{"line":16,"column":56},"end":{"line":55,"column":2}},"locations":[{"start":{"line":16,"column":56},"end":{"line":55,"column":2}}]},"1":{"type":"branch","line":28,"loc":{"start":{"line":28,"column":7},"end":{"line":28,"column":49}},"locations":[{"start":{"line":28,"column":7},"end":{"line":28,"column":49}}]},"2":{"type":"branch","line":28,"loc":{"start":{"line":28,"column":49},"end":{"line":34,"column":3}},"locations":[{"start":{"line":28,"column":49},"end":{"line":34,"column":3}}]},"3":{"type":"branch","line":34,"loc":{"start":{"line":34,"column":2},"end":{"line":45,"column":87}},"locations":[{"start":{"line":34,"column":2},"end":{"line":45,"column":87}}]},"4":{"type":"branch","line":23,"loc":{"start":{"line":23,"column":36},"end":{"line":25,"column":4}},"locations":[{"start":{"line":23,"column":36},"end":{"line":25,"column":4}}]}},"b":{"0":[34],"1":[25],"2":[15],"3":[19],"4":[5]},"fnMap":{"0":{"name":"ItemDescription","decl":{"start":{"line":16,"column":56},"end":{"line":55,"column":2}},"loc":{"start":{"line":16,"column":56},"end":{"line":55,"column":2}},"line":16},"1":{"name":"handleShowFullDescription","decl":{"start":{"line":23,"column":36},"end":{"line":25,"column":4}},"loc":{"start":{"line":23,"column":36},"end":{"line":25,"column":4}},"line":23}},"f":{"0":34,"1":5}}
,"/Users/valerieparracortes/Desktop/challenges/meli-prototype/frontend/src/components/ItemDescription/index.ts": {"path":"/Users/valerieparracortes/Desktop/challenges/meli-prototype/frontend/src/components/ItemDescription/index.ts","all":true,"statementMap":{"0":{"start":{"line":1,"column":0},"end":{"line":1,"column":44}}},"s":{"0":0},"branchMap":{"0":{"type":"branch","line":1,"loc":{"start":{"line":1,"column":44},"end":{"line":1,"column":44}},"locations":[{"start":{"line":1,"column":44},"end":{"line":1,"column":44}}]}},"b":{"0":[0]},"fnMap":{"0":{"name":"(empty-report)","decl":{"start":{"line":1,"column":44},"end":{"line":1,"column":44}},"loc":{"start":{"line":1,"column":44},"end":{"line":1,"column":44}},"line":1}},"f":{"0":0}}
,"/Users/valerieparracortes/Desktop/challenges/meli-prototype/frontend/src/components/ItemDetails/ItemDetails.styled.tsx": {"path":"/Users/valerieparracortes/Desktop/challenges/meli-prototype/frontend/src/components/ItemDetails/ItemDetails.styled.tsx","all":true,"statementMap":{"0":{"start":{"line":1,"column":0},"end":{"line":1,"column":39}},"2":{"start":{"line":3,"column":0},"end":{"line":3,"column":47}},"3":{"start":{"line":4,"column":0},"end":{"line":4,"column":69}},"4":{"start":{"line":5,"column":0},"end":{"line":5,"column":57}},"5":{"start":{"line":6,"column":0},"end":{"line":6,"column":46}},"6":{"start":{"line":7,"column":0},"end":{"line":7,"column":49}},"9":{"start":{"line":10,"column":0},"end":{"line":10,"column":42}},"10":{"start":{"line":11,"column":0},"end":{"line":11,"column":51}},"14":{"start":{"line":15,"column":0},"end":{"line":15,"column":44}},"15":{"start":{"line":16,"column":0},"end":{"line":16,"column":48}},"19":{"start":{"line":20,"column":0},"end":{"line":20,"column":37}},"25":{"start":{"line":26,"column":0},"end":{"line":26,"column":38}},"28":{"start":{"line":29,"column":0},"end":{"line":29,"column":42}}},"s":{"0":0,"2":0,"3":0,"4":0,"5":0,"6":0,"9":0,"10":0,"14":0,"15":0,"19":0,"25":0,"28":0},"branchMap":{"0":{"type":"branch","line":1,"loc":{"start":{"line":1,"column":866},"end":{"line":30,"column":2}},"locations":[{"start":{"line":1,"column":866},"end":{"line":30,"column":2}}]}},"b":{"0":[0]},"fnMap":{"0":{"name":"(empty-report)","decl":{"start":{"line":1,"column":866},"end":{"line":30,"column":2}},"loc":{"start":{"line":1,"column":866},"end":{"line":30,"column":2}},"line":1}},"f":{"0":0}}
,"/Users/valerieparracortes/Desktop/challenges/meli-prototype/frontend/src/components/ItemDetails/ItemDetails.tsx": {"path":"/Users/valerieparracortes/Desktop/challenges/meli-prototype/frontend/src/components/ItemDetails/ItemDetails.tsx","all":true,"statementMap":{"0":{"start":{"line":1,"column":0},"end":{"line":1,"column":8}},"5":{"start":{"line":6,"column":0},"end":{"line":6,"column":41}},"6":{"start":{"line":7,"column":0},"end":{"line":7,"column":44}},"7":{"start":{"line":8,"column":0},"end":{"line":8,"column":41}},"8":{"start":{"line":9,"column":0},"end":{"line":9,"column":57}},"9":{"start":{"line":10,"column":0},"end":{"line":10,"column":49}},"10":{"start":{"line":11,"column":0},"end":{"line":11,"column":59}},"11":{"start":{"line":12,"column":0},"end":{"line":12,"column":57}},"12":{"start":{"line":13,"column":0},"end":{"line":13,"column":39}},"13":{"start":{"line":14,"column":0},"end":{"line":14,"column":43}},"14":{"start":{"line":15,"column":0},"end":{"line":15,"column":41}},"15":{"start":{"line":16,"column":0},"end":{"line":16,"column":49}},"16":{"start":{"line":17,"column":0},"end":{"line":17,"column":37}},"23":{"start":{"line":24,"column":0},"end":{"line":24,"column":65}},"24":{"start":{"line":25,"column":0},"end":{"line":25,"column":92}},"26":{"start":{"line":27,"column":0},"end":{"line":27,"column":19}},"27":{"start":{"line":28,"column":0},"end":{"line":28,"column":17}},"28":{"start":{"line":29,"column":0},"end":{"line":29,"column":16}},"29":{"start":{"line":30,"column":0},"end":{"line":30,"column":5}},"30":{"start":{"line":31,"column":0},"end":{"line":31,"column":24}},"32":{"start":{"line":33,"column":0},"end":{"line":33,"column":14}},"33":{"start":{"line":34,"column":0},"end":{"line":34,"column":37}},"34":{"start":{"line":35,"column":0},"end":{"line":35,"column":3}},"36":{"start":{"line":37,"column":0},"end":{"line":37,"column":16}},"37":{"start":{"line":38,"column":0},"end":{"line":38,"column":33}},"38":{"start":{"line":39,"column":0},"end":{"line":39,"column":3}},"40":{"start":{"line":41,"column":0},"end":{"line":41,"column":10}},"41":{"start":{"line":42,"column":0},"end":{"line":42,"column":26}},"42":{"start":{"line":43,"column":0},"end":{"line":43,"column":18}},"43":{"start":{"line":44,"column":0},"end":{"line":44,"column":20}},"44":{"start":{"line":45,"column":0},"end":{"line":45,"column":32}},"45":{"start":{"line":46,"column":0},"end":{"line":46,"column":28}},"46":{"start":{"line":47,"column":0},"end":{"line":47,"column":30}},"47":{"start":{"line":48,"column":0},"end":{"line":48,"column":10}},"48":{"start":{"line":49,"column":0},"end":{"line":49,"column":19}},"49":{"start":{"line":50,"column":0},"end":{"line":50,"column":45}},"50":{"start":{"line":51,"column":0},"end":{"line":51,"column":65}},"51":{"start":{"line":52,"column":0},"end":{"line":52,"column":22}},"52":{"start":{"line":53,"column":0},"end":{"line":53,"column":19}},"53":{"start":{"line":54,"column":0},"end":{"line":54,"column":41}},"54":{"start":{"line":55,"column":0},"end":{"line":55,"column":78}},"55":{"start":{"line":56,"column":0},"end":{"line":56,"column":22}},"56":{"start":{"line":57,"column":0},"end":{"line":57,"column":19}},"57":{"start":{"line":58,"column":0},"end":{"line":58,"column":39}},"58":{"start":{"line":59,"column":0},"end":{"line":59,"column":31}},"59":{"start":{"line":60,"column":0},"end":{"line":60,"column":40}},"60":{"start":{"line":61,"column":0},"end":{"line":61,"column":27}},"61":{"start":{"line":62,"column":0},"end":{"line":62,"column":76}},"62":{"start":{"line":63,"column":0},"end":{"line":63,"column":12}},"63":{"start":{"line":64,"column":0},"end":{"line":64,"column":22}},"64":{"start":{"line":65,"column":0},"end":{"line":65,"column":19}},"65":{"start":{"line":66,"column":0},"end":{"line":66,"column":52}},"66":{"start":{"line":67,"column":0},"end":{"line":67,"column":30}},"67":{"start":{"line":68,"column":0},"end":{"line":68,"column":34}},"68":{"start":{"line":69,"column":0},"end":{"line":69,"column":12}},"69":{"start":{"line":70,"column":0},"end":{"line":70,"column":22}},"70":{"start":{"line":71,"column":0},"end":{"line":71,"column":19}},"72":{"start":{"line":73,"column":0},"end":{"line":73,"column":19}},"73":{"start":{"line":74,"column":0},"end":{"line":74,"column":16}},"74":{"start":{"line":75,"column":0},"end":{"line":75,"column":23}},"75":{"start":{"line":76,"column":0},"end":{"line":76,"column":35}},"76":{"start":{"line":77,"column":0},"end":{"line":77,"column":12}},"77":{"start":{"line":78,"column":0},"end":{"line":78,"column":17}},"78":{"start":{"line":79,"column":0},"end":{"line":79,"column":19}},"79":{"start":{"line":80,"column":0},"end":{"line":80,"column":28}},"80":{"start":{"line":81,"column":0},"end":{"line":81,"column":10}},"81":{"start":{"line":82,"column":0},"end":{"line":82,"column":16}},"82":{"start":{"line":83,"column":0},"end":{"line":83,"column":26}},"83":{"start":{"line":84,"column":0},"end":{"line":84,"column":35}},"84":{"start":{"line":85,"column":0},"end":{"line":85,"column":12}},"85":{"start":{"line":86,"column":0},"end":{"line":86,"column":17}},"87":{"start":{"line":88,"column":0},"end":{"line":88,"column":20}},"88":{"start":{"line":89,"column":0},"end":{"line":89,"column":27}},"90":{"start":{"line":91,"column":0},"end":{"line":91,"column":2}},"92":{"start":{"line":93,"column":0},"end":{"line":93,"column":27}}},"s":{"0":0,"5":0,"6":0,"7":0,"8":0,"9":0,"10":0,"11":0,"12":0,"13":0,"14":0,"15":0,"16":0,"23":0,"24":0,"26":0,"27":0,"28":0,"29":0,"30":0,"32":0,"33":0,"34":0,"36":0,"37":0,"38":0,"40":0,"41":0,"42":0,"43":0,"44":0,"45":0,"46":0,"47":0,"48":0,"49":0,"50":0,"51":0,"52":0,"53":0,"54":0,"55":0,"56":0,"57":0,"58":0,"59":0,"60":0,"61":0,"62":0,"63":0,"64":0,"65":0,"66":0,"67":0,"68":0,"69":0,"70":0,"72":0,"73":0,"74":0,"75":0,"76":0,"77":0,"78":0,"79":0,"80":0,"81":0,"82":0,"83":0,"84":0,"85":0,"87":0,"88":0,"90":0,"92":0},"branchMap":{"0":{"type":"branch","line":1,"loc":{"start":{"line":1,"column":2438},"end":{"line":93,"column":27}},"locations":[{"start":{"line":1,"column":2438},"end":{"line":93,"column":27}}]}},"b":{"0":[0]},"fnMap":{"0":{"name":"(empty-report)","decl":{"start":{"line":1,"column":2438},"end":{"line":93,"column":27}},"loc":{"start":{"line":1,"column":2438},"end":{"line":93,"column":27}},"line":1}},"f":{"0":0}}
,"/Users/valerieparracortes/Desktop/challenges/meli-prototype/frontend/src/components/ItemDetails/index.ts": {"path":"/Users/valerieparracortes/Desktop/challenges/meli-prototype/frontend/src/components/ItemDetails/index.ts","all":true,"statementMap":{"0":{"start":{"line":1,"column":0},"end":{"line":1,"column":40}}},"s":{"0":0},"branchMap":{"0":{"type":"branch","line":1,"loc":{"start":{"line":1,"column":40},"end":{"line":1,"column":40}},"locations":[{"start":{"line":1,"column":40},"end":{"line":1,"column":40}}]}},"b":{"0":[0]},"fnMap":{"0":{"name":"(empty-report)","decl":{"start":{"line":1,"column":40},"end":{"line":1,"column":40}},"loc":{"start":{"line":1,"column":40},"end":{"line":1,"column":40}},"line":1}},"f":{"0":0}}
,"/Users/valerieparracortes/Desktop/challenges/meli-prototype/frontend/src/components/ItemDetails/item.model.tsx": {"path":"/Users/valerieparracortes/Desktop/challenges/meli-prototype/frontend/src/components/ItemDetails/item.model.tsx","all":true,"statementMap":{},"s":{},"branchMap":{"0":{"type":"branch","line":1,"loc":{"start":{"line":1,"column":1925},"end":{"line":100,"column":3}},"locations":[{"start":{"line":1,"column":1925},"end":{"line":100,"column":3}}]}},"b":{"0":[1]},"fnMap":{"0":{"name":"(empty-report)","decl":{"start":{"line":1,"column":1925},"end":{"line":100,"column":3}},"loc":{"start":{"line":1,"column":1925},"end":{"line":100,"column":3}},"line":1}},"f":{"0":1}}
,"/Users/valerieparracortes/Desktop/challenges/meli-prototype/frontend/src/components/ItemGallery/ItemGallery.styled.tsx": {"path":"/Users/valerieparracortes/Desktop/challenges/meli-prototype/frontend/src/components/ItemGallery/ItemGallery.styled.tsx","all":true,"statementMap":{"0":{"start":{"line":1,"column":0},"end":{"line":1,"column":39}},"7":{"start":{"line":8,"column":0},"end":{"line":8,"column":66}},"9":{"start":{"line":10,"column":0},"end":{"line":10,"column":42}},"11":{"start":{"line":12,"column":0},"end":{"line":12,"column":81}},"12":{"start":{"line":13,"column":0},"end":{"line":13,"column":69}},"13":{"start":{"line":14,"column":0},"end":{"line":14,"column":57}},"14":{"start":{"line":15,"column":0},"end":{"line":15,"column":46}},"17":{"start":{"line":18,"column":0},"end":{"line":18,"column":46}},"20":{"start":{"line":21,"column":0},"end":{"line":21,"column":42}},"25":{"start":{"line":26,"column":0},"end":{"line":26,"column":61}},"28":{"start":{"line":29,"column":0},"end":{"line":29,"column":49}},"29":{"start":{"line":30,"column":0},"end":{"line":30,"column":54}},"30":{"start":{"line":31,"column":0},"end":{"line":31,"column":4}},"31":{"start":{"line":32,"column":0},"end":{"line":32,"column":57}},"34":{"start":{"line":35,"column":0},"end":{"line":35,"column":55}},"37":{"start":{"line":38,"column":0},"end":{"line":38,"column":58}},"41":{"start":{"line":42,"column":0},"end":{"line":42,"column":41}},"47":{"start":{"line":48,"column":0},"end":{"line":48,"column":70}},"52":{"start":{"line":53,"column":0},"end":{"line":53,"column":49}},"53":{"start":{"line":54,"column":0},"end":{"line":54,"column":82}},"54":{"start":{"line":55,"column":0},"end":{"line":55,"column":4}},"55":{"start":{"line":56,"column":0},"end":{"line":56,"column":57}},"59":{"start":{"line":60,"column":0},"end":{"line":60,"column":36}}},"s":{"0":0,"7":0,"9":0,"11":0,"12":0,"13":0,"14":0,"17":0,"20":0,"25":0,"28":0,"29":0,"30":0,"31":0,"34":0,"37":0,"41":0,"47":0,"52":0,"53":0,"54":0,"55":0,"59":0},"branchMap":{"0":{"type":"branch","line":1,"loc":{"start":{"line":1,"column":1714},"end":{"line":64,"column":2}},"locations":[{"start":{"line":1,"column":1714},"end":{"line":64,"column":2}}]}},"b":{"0":[0]},"fnMap":{"0":{"name":"(empty-report)","decl":{"start":{"line":1,"column":1714},"end":{"line":64,"column":2}},"loc":{"start":{"line":1,"column":1714},"end":{"line":64,"column":2}},"line":1}},"f":{"0":0}}
,"/Users/valerieparracortes/Desktop/challenges/meli-prototype/frontend/src/components/ItemGallery/ItemGallery.tsx": {"path":"/Users/valerieparracortes/Desktop/challenges/meli-prototype/frontend/src/components/ItemGallery/ItemGallery.tsx","all":false,"statementMap":{"0":{"start":{"line":1,"column":0},"end":{"line":1,"column":33}},"1":{"start":{"line":2,"column":0},"end":{"line":2,"column":9}},"22":{"start":{"line":23,"column":0},"end":{"line":23,"column":51}},"23":{"start":{"line":24,"column":0},"end":{"line":24,"column":10}},"24":{"start":{"line":25,"column":0},"end":{"line":25,"column":22}},"25":{"start":{"line":26,"column":0},"end":{"line":26,"column":25}},"26":{"start":{"line":27,"column":0},"end":{"line":27,"column":7}},"27":{"start":{"line":28,"column":0},"end":{"line":28,"column":66}},"29":{"start":{"line":30,"column":0},"end":{"line":30,"column":51}},"30":{"start":{"line":31,"column":0},"end":{"line":31,"column":33}},"31":{"start":{"line":32,"column":0},"end":{"line":32,"column":4}},"33":{"start":{"line":34,"column":0},"end":{"line":34,"column":51}},"35":{"start":{"line":36,"column":0},"end":{"line":36,"column":10}},"36":{"start":{"line":37,"column":0},"end":{"line":37,"column":76}},"37":{"start":{"line":38,"column":0},"end":{"line":38,"column":27}},"38":{"start":{"line":39,"column":0},"end":{"line":39,"column":51}},"39":{"start":{"line":40,"column":0},"end":{"line":40,"column":21}},"40":{"start":{"line":41,"column":0},"end":{"line":41,"column":23}},"41":{"start":{"line":42,"column":0},"end":{"line":42,"column":53}},"42":{"start":{"line":43,"column":0},"end":{"line":43,"column":55}},"44":{"start":{"line":45,"column":0},"end":{"line":45,"column":28}},"45":{"start":{"line":46,"column":0},"end":{"line":46,"column":42}},"46":{"start":{"line":47,"column":0},"end":{"line":47,"column":29}},"47":{"start":{"line":48,"column":0},"end":{"line":48,"column":14}},"48":{"start":{"line":49,"column":0},"end":{"line":49,"column":22}},"49":{"start":{"line":50,"column":0},"end":{"line":50,"column":11}},"50":{"start":{"line":51,"column":0},"end":{"line":51,"column":28}},"52":{"start":{"line":53,"column":0},"end":{"line":53,"column":50}},"53":{"start":{"line":54,"column":0},"end":{"line":54,"column":19}},"54":{"start":{"line":55,"column":0},"end":{"line":55,"column":48}},"55":{"start":{"line":56,"column":0},"end":{"line":56,"column":34}},"56":{"start":{"line":57,"column":0},"end":{"line":57,"column":10}},"57":{"start":{"line":58,"column":0},"end":{"line":58,"column":27}},"58":{"start":{"line":59,"column":0},"end":{"line":59,"column":23}},"60":{"start":{"line":61,"column":0},"end":{"line":61,"column":2}},"62":{"start":{"line":63,"column":0},"end":{"line":63,"column":27}}},"s":{"0":1,"1":1,"22":1,"23":16,"24":16,"25":16,"26":16,"27":16,"29":16,"30":2,"31":2,"33":16,"35":16,"36":16,"37":16,"38":16,"39":85,"40":85,"41":85,"42":85,"44":85,"45":85,"46":85,"47":85,"48":85,"49":16,"50":16,"52":16,"53":16,"54":16,"55":16,"56":16,"57":16,"58":16,"60":16,"62":1},"branchMap":{"0":{"type":"branch","line":23,"loc":{"start":{"line":23,"column":48},"end":{"line":61,"column":2}},"locations":[{"start":{"line":23,"column":48},"end":{"line":61,"column":2}}]},"1":{"type":"branch","line":55,"loc":{"start":{"line":55,"column":15},"end":{"line":55,"column":48}},"locations":[{"start":{"line":55,"column":15},"end":{"line":55,"column":48}}]},"2":{"type":"branch","line":56,"loc":{"start":{"line":56,"column":15},"end":{"line":56,"column":34}},"locations":[{"start":{"line":56,"column":15},"end":{"line":56,"column":34}}]},"3":{"type":"branch","line":30,"loc":{"start":{"line":30,"column":31},"end":{"line":32,"column":4}},"locations":[{"start":{"line":30,"column":31},"end":{"line":32,"column":4}}]},"4":{"type":"branch","line":39,"loc":{"start":{"line":39,"column":32},"end":{"line":49,"column":22}},"locations":[{"start":{"line":39,"column":32},"end":{"line":49,"column":22}}]},"5":{"type":"branch","line":43,"loc":{"start":{"line":43,"column":21},"end":{"line":43,"column":55}},"locations":[{"start":{"line":43,"column":21},"end":{"line":43,"column":55}}]}},"b":{"0":[16],"1":[15],"2":[15],"3":[2],"4":[85],"5":[2]},"fnMap":{"0":{"name":"ItemGallery","decl":{"start":{"line":23,"column":48},"end":{"line":61,"column":2}},"loc":{"start":{"line":23,"column":48},"end":{"line":61,"column":2}},"line":23},"1":{"name":"handleThumbnailClick","decl":{"start":{"line":30,"column":31},"end":{"line":32,"column":4}},"loc":{"start":{"line":30,"column":31},"end":{"line":32,"column":4}},"line":30},"2":{"name":"onClick","decl":{"start":{"line":43,"column":21},"end":{"line":43,"column":55}},"loc":{"start":{"line":43,"column":21},"end":{"line":43,"column":55}},"line":43}},"f":{"0":16,"1":2,"2":2}}
,"/Users/valerieparracortes/Desktop/challenges/meli-prototype/frontend/src/components/ItemGallery/index.ts": {"path":"/Users/valerieparracortes/Desktop/challenges/meli-prototype/frontend/src/components/ItemGallery/index.ts","all":true,"statementMap":{"0":{"start":{"line":1,"column":0},"end":{"line":1,"column":40}}},"s":{"0":0},"branchMap":{"0":{"type":"branch","line":1,"loc":{"start":{"line":1,"column":40},"end":{"line":1,"column":40}},"locations":[{"start":{"line":1,"column":40},"end":{"line":1,"column":40}}]}},"b":{"0":[0]},"fnMap":{"0":{"name":"(empty-report)","decl":{"start":{"line":1,"column":40},"end":{"line":1,"column":40}},"loc":{"start":{"line":1,"column":40},"end":{"line":1,"column":40}},"line":1}},"f":{"0":0}}
,"/Users/valerieparracortes/Desktop/challenges/meli-prototype/frontend/src/components/ItemInfoCard/ItemInfoCard.styled.tsx": {"path":"/Users/valerieparracortes/Desktop/challenges/meli-prototype/frontend/src/components/ItemInfoCard/ItemInfoCard.styled.tsx","all":true,"statementMap":{"0":{"start":{"line":1,"column":0},"end":{"line":1,"column":39}},"2":{"start":{"line":3,"column":0},"end":{"line":3,"column":40}},"5":{"start":{"line":6,"column":0},"end":{"line":6,"column":42}},"7":{"start":{"line":8,"column":0},"end":{"line":8,"column":46}},"10":{"start":{"line":11,"column":0},"end":{"line":11,"column":40}},"14":{"start":{"line":15,"column":0},"end":{"line":15,"column":52}},"17":{"start":{"line":18,"column":0},"end":{"line":18,"column":41}},"18":{"start":{"line":19,"column":0},"end":{"line":19,"column":54}},"19":{"start":{"line":20,"column":0},"end":{"line":20,"column":50}},"20":{"start":{"line":21,"column":0},"end":{"line":21,"column":58}},"21":{"start":{"line":22,"column":0},"end":{"line":22,"column":53}},"24":{"start":{"line":25,"column":0},"end":{"line":25,"column":41}},"25":{"start":{"line":26,"column":0},"end":{"line":26,"column":54}},"26":{"start":{"line":27,"column":0},"end":{"line":27,"column":50}},"27":{"start":{"line":28,"column":0},"end":{"line":28,"column":59}},"28":{"start":{"line":29,"column":0},"end":{"line":29,"column":53}},"29":{"start":{"line":30,"column":0},"end":{"line":30,"column":47}},"32":{"start":{"line":33,"column":0},"end":{"line":33,"column":37}},"33":{"start":{"line":34,"column":0},"end":{"line":34,"column":54}},"34":{"start":{"line":35,"column":0},"end":{"line":35,"column":50}},"35":{"start":{"line":36,"column":0},"end":{"line":36,"column":58}},"36":{"start":{"line":37,"column":0},"end":{"line":37,"column":53}},"39":{"start":{"line":40,"column":0},"end":{"line":40,"column":36}},"44":{"start":{"line":45,"column":0},"end":{"line":45,"column":46}},"45":{"start":{"line":46,"column":0},"end":{"line":46,"column":57}},"46":{"start":{"line":47,"column":0},"end":{"line":47,"column":55}},"49":{"start":{"line":50,"column":0},"end":{"line":50,"column":73}},"53":{"start":{"line":54,"column":0},"end":{"line":54,"column":35}},"58":{"start":{"line":59,"column":0},"end":{"line":59,"column":54}},"60":{"start":{"line":61,"column":0},"end":{"line":61,"column":46}},"61":{"start":{"line":62,"column":0},"end":{"line":62,"column":57}},"62":{"start":{"line":63,"column":0},"end":{"line":63,"column":55}},"65":{"start":{"line":66,"column":0},"end":{"line":66,"column":54}},"66":{"start":{"line":67,"column":0},"end":{"line":67,"column":73}},"75":{"start":{"line":76,"column":0},"end":{"line":76,"column":37}},"79":{"start":{"line":80,"column":0},"end":{"line":80,"column":60}},"80":{"start":{"line":81,"column":0},"end":{"line":81,"column":58}},"81":{"start":{"line":82,"column":0},"end":{"line":82,"column":50}},"82":{"start":{"line":83,"column":0},"end":{"line":83,"column":56}},"92":{"start":{"line":93,"column":0},"end":{"line":93,"column":38}},"93":{"start":{"line":94,"column":0},"end":{"line":94,"column":52}},"94":{"start":{"line":95,"column":0},"end":{"line":95,"column":50}},"95":{"start":{"line":96,"column":0},"end":{"line":96,"column":56}},"96":{"start":{"line":97,"column":0},"end":{"line":97,"column":53}},"102":{"start":{"line":103,"column":0},"end":{"line":103,"column":40}},"105":{"start":{"line":106,"column":0},"end":{"line":106,"column":42}},"108":{"start":{"line":109,"column":0},"end":{"line":109,"column":39}},"109":{"start":{"line":110,"column":0},"end":{"line":110,"column":54}},"110":{"start":{"line":111,"column":0},"end":{"line":111,"column":52}},"111":{"start":{"line":112,"column":0},"end":{"line":112,"column":59}},"112":{"start":{"line":113,"column":0},"end":{"line":113,"column":53}},"115":{"start":{"line":116,"column":0},"end":{"line":116,"column":37}},"124":{"start":{"line":125,"column":0},"end":{"line":125,"column":39}},"125":{"start":{"line":126,"column":0},"end":{"line":126,"column":54}},"126":{"start":{"line":127,"column":0},"end":{"line":127,"column":52}},"127":{"start":{"line":128,"column":0},"end":{"line":128,"column":59}},"128":{"start":{"line":129,"column":0},"end":{"line":129,"column":53}},"131":{"start":{"line":132,"column":0},"end":{"line":132,"column":39}},"132":{"start":{"line":133,"column":0},"end":{"line":133,"column":52}},"133":{"start":{"line":134,"column":0},"end":{"line":134,"column":50}},"134":{"start":{"line":135,"column":0},"end":{"line":135,"column":56}},"135":{"start":{"line":136,"column":0},"end":{"line":136,"column":53}},"136":{"start":{"line":137,"column":0},"end":{"line":137,"column":49}},"139":{"start":{"line":140,"column":0},"end":{"line":140,"column":45}},"140":{"start":{"line":141,"column":0},"end":{"line":141,"column":60}},"141":{"start":{"line":142,"column":0},"end":{"line":142,"column":58}},"143":{"start":{"line":144,"column":0},"end":{"line":144,"column":57}},"144":{"start":{"line":145,"column":0},"end":{"line":145,"column":81}},"145":{"start":{"line":146,"column":0},"end":{"line":146,"column":52}},"146":{"start":{"line":147,"column":0},"end":{"line":147,"column":58}},"147":{"start":{"line":148,"column":0},"end":{"line":148,"column":53}},"149":{"start":{"line":150,"column":0},"end":{"line":150,"column":55}}},"s":{"0":0,"2":0,"5":0,"7":0,"10":0,"14":0,"17":0,"18":0,"19":0,"20":0,"21":0,"24":0,"25":0,"26":0,"27":0,"28":0,"29":0,"32":0,"33":0,"34":0,"35":0,"36":0,"39":0,"44":0,"45":0,"46":0,"49":0,"53":0,"58":0,"60":0,"61":0,"62":0,"65":0,"66":0,"75":0,"79":0,"80":0,"81":0,"82":0,"92":0,"93":0,"94":0,"95":0,"96":0,"102":0,"105":0,"108":0,"109":0,"110":0,"111":0,"112":0,"115":0,"124":0,"125":0,"126":0,"127":0,"128":0,"131":0,"132":0,"133":0,"134":0,"135":0,"136":0,"139":0,"140":0,"141":0,"143":0,"144":0,"145":0,"146":0,"147":0,"149":0},"branchMap":{"0":{"type":"branch","line":1,"loc":{"start":{"line":1,"column":4812},"end":{"line":165,"column":2}},"locations":[{"start":{"line":1,"column":4812},"end":{"line":165,"column":2}}]}},"b":{"0":[0]},"fnMap":{"0":{"name":"(empty-report)","decl":{"start":{"line":1,"column":4812},"end":{"line":165,"column":2}},"loc":{"start":{"line":1,"column":4812},"end":{"line":165,"column":2}},"line":1}},"f":{"0":0}}
,"/Users/valerieparracortes/Desktop/challenges/meli-prototype/frontend/src/components/ItemInfoCard/ItemInfoCard.tsx": {"path":"/Users/valerieparracortes/Desktop/challenges/meli-prototype/frontend/src/components/ItemInfoCard/ItemInfoCard.tsx","all":false,"statementMap":{"0":{"start":{"line":1,"column":0},"end":{"line":1,"column":26}},"1":{"start":{"line":2,"column":0},"end":{"line":2,"column":8}},"18":{"start":{"line":19,"column":0},"end":{"line":19,"column":50}},"19":{"start":{"line":20,"column":0},"end":{"line":20,"column":52}},"30":{"start":{"line":31,"column":0},"end":{"line":31,"column":53}},"31":{"start":{"line":32,"column":0},"end":{"line":32,"column":9}},"32":{"start":{"line":33,"column":0},"end":{"line":33,"column":10}},"33":{"start":{"line":34,"column":0},"end":{"line":34,"column":15}},"34":{"start":{"line":35,"column":0},"end":{"line":35,"column":8}},"35":{"start":{"line":36,"column":0},"end":{"line":36,"column":9}},"36":{"start":{"line":37,"column":0},"end":{"line":37,"column":11}},"37":{"start":{"line":38,"column":0},"end":{"line":38,"column":7}},"38":{"start":{"line":39,"column":0},"end":{"line":39,"column":66}},"39":{"start":{"line":40,"column":0},"end":{"line":40,"column":62}},"41":{"start":{"line":42,"column":0},"end":{"line":42,"column":43}},"42":{"start":{"line":43,"column":0},"end":{"line":43,"column":52}},"43":{"start":{"line":44,"column":0},"end":{"line":44,"column":82}},"45":{"start":{"line":46,"column":0},"end":{"line":46,"column":13}},"46":{"start":{"line":47,"column":0},"end":{"line":47,"column":7}},"47":{"start":{"line":48,"column":0},"end":{"line":48,"column":4}},"49":{"start":{"line":50,"column":0},"end":{"line":50,"column":42}},"50":{"start":{"line":51,"column":0},"end":{"line":51,"column":43}},"51":{"start":{"line":52,"column":0},"end":{"line":52,"column":24}},"52":{"start":{"line":53,"column":0},"end":{"line":53,"column":22}},"53":{"start":{"line":54,"column":0},"end":{"line":54,"column":31}},"54":{"start":{"line":55,"column":0},"end":{"line":55,"column":30}},"55":{"start":{"line":56,"column":0},"end":{"line":56,"column":21}},"56":{"start":{"line":57,"column":0},"end":{"line":57,"column":4}},"58":{"start":{"line":59,"column":0},"end":{"line":59,"column":34}},"59":{"start":{"line":60,"column":0},"end":{"line":60,"column":37}},"60":{"start":{"line":61,"column":0},"end":{"line":61,"column":4}},"62":{"start":{"line":63,"column":0},"end":{"line":63,"column":33}},"63":{"start":{"line":64,"column":0},"end":{"line":64,"column":39}},"64":{"start":{"line":65,"column":0},"end":{"line":65,"column":4}},"66":{"start":{"line":67,"column":0},"end":{"line":67,"column":10}},"67":{"start":{"line":68,"column":0},"end":{"line":68,"column":19}},"68":{"start":{"line":69,"column":0},"end":{"line":69,"column":21}},"69":{"start":{"line":70,"column":0},"end":{"line":70,"column":13}},"70":{"start":{"line":71,"column":0},"end":{"line":71,"column":49}},"71":{"start":{"line":72,"column":0},"end":{"line":72,"column":42}},"72":{"start":{"line":73,"column":0},"end":{"line":73,"column":54}},"73":{"start":{"line":74,"column":0},"end":{"line":74,"column":14}},"74":{"start":{"line":75,"column":0},"end":{"line":75,"column":76}},"75":{"start":{"line":76,"column":0},"end":{"line":76,"column":20}},"76":{"start":{"line":77,"column":0},"end":{"line":77,"column":71}},"77":{"start":{"line":78,"column":0},"end":{"line":78,"column":73}},"78":{"start":{"line":79,"column":0},"end":{"line":79,"column":21}},"79":{"start":{"line":80,"column":0},"end":{"line":80,"column":48}},"80":{"start":{"line":81,"column":0},"end":{"line":81,"column":17}},"81":{"start":{"line":82,"column":0},"end":{"line":82,"column":30}},"82":{"start":{"line":83,"column":0},"end":{"line":83,"column":29}},"83":{"start":{"line":84,"column":0},"end":{"line":84,"column":25}},"84":{"start":{"line":85,"column":0},"end":{"line":85,"column":25}},"85":{"start":{"line":86,"column":0},"end":{"line":86,"column":23}},"86":{"start":{"line":87,"column":0},"end":{"line":87,"column":169}},"87":{"start":{"line":88,"column":0},"end":{"line":88,"column":16}},"88":{"start":{"line":89,"column":0},"end":{"line":89,"column":14}},"89":{"start":{"line":90,"column":0},"end":{"line":90,"column":22}},"90":{"start":{"line":91,"column":0},"end":{"line":91,"column":14}},"91":{"start":{"line":92,"column":0},"end":{"line":92,"column":22}},"93":{"start":{"line":94,"column":0},"end":{"line":94,"column":42}},"95":{"start":{"line":96,"column":0},"end":{"line":96,"column":21}},"96":{"start":{"line":97,"column":0},"end":{"line":97,"column":43}},"97":{"start":{"line":98,"column":0},"end":{"line":98,"column":20}},"98":{"start":{"line":99,"column":0},"end":{"line":99,"column":31}},"99":{"start":{"line":100,"column":0},"end":{"line":100,"column":21}},"100":{"start":{"line":101,"column":0},"end":{"line":101,"column":50}},"101":{"start":{"line":102,"column":0},"end":{"line":102,"column":22}},"103":{"start":{"line":104,"column":0},"end":{"line":104,"column":20}},"104":{"start":{"line":105,"column":0},"end":{"line":105,"column":28}},"105":{"start":{"line":106,"column":0},"end":{"line":106,"column":21}},"107":{"start":{"line":108,"column":0},"end":{"line":108,"column":49}},"109":{"start":{"line":110,"column":0},"end":{"line":110,"column":24}},"111":{"start":{"line":112,"column":0},"end":{"line":112,"column":23}},"112":{"start":{"line":113,"column":0},"end":{"line":113,"column":71}},"113":{"start":{"line":114,"column":0},"end":{"line":114,"column":38}},"114":{"start":{"line":115,"column":0},"end":{"line":115,"column":17}},"115":{"start":{"line":116,"column":0},"end":{"line":116,"column":71}},"116":{"start":{"line":117,"column":0},"end":{"line":117,"column":65}},"117":{"start":{"line":118,"column":0},"end":{"line":118,"column":10}},"118":{"start":{"line":119,"column":0},"end":{"line":119,"column":7}},"120":{"start":{"line":121,"column":0},"end":{"line":121,"column":24}},"121":{"start":{"line":122,"column":0},"end":{"line":122,"column":20}},"123":{"start":{"line":124,"column":0},"end":{"line":124,"column":2}},"125":{"start":{"line":126,"column":0},"end":{"line":126,"column":28}}},"s":{"0":1,"1":1,"18":1,"19":1,"30":1,"31":35,"32":35,"33":35,"34":35,"35":35,"36":35,"37":35,"38":35,"39":35,"41":35,"42":35,"43":175,"45":175,"46":35,"47":35,"49":35,"50":35,"51":35,"52":35,"53":35,"54":35,"55":35,"56":35,"58":35,"59":2,"60":2,"62":35,"63":5,"64":5,"66":35,"67":35,"68":35,"69":35,"70":35,"71":35,"72":35,"73":35,"74":35,"75":35,"76":35,"77":35,"78":35,"79":35,"80":35,"81":35,"82":35,"83":35,"84":35,"85":35,"86":35,"87":35,"88":35,"89":35,"90":35,"91":35,"93":35,"95":35,"96":35,"97":35,"98":35,"99":35,"100":35,"101":35,"103":35,"104":35,"105":35,"107":35,"109":35,"111":35,"112":35,"113":35,"114":35,"115":35,"116":35,"117":35,"118":35,"120":35,"121":35,"123":35,"125":1},"branchMap":{"0":{"type":"branch","line":31,"loc":{"start":{"line":31,"column":50},"end":{"line":124,"column":2}},"locations":[{"start":{"line":31,"column":50},"end":{"line":124,"column":2}}]},"1":{"type":"branch","line":78,"loc":{"start":{"line":78,"column":29},"end":{"line":78,"column":73}},"locations":[{"start":{"line":78,"column":29},"end":{"line":78,"column":73}}]},"2":{"type":"branch","line":87,"loc":{"start":{"line":87,"column":24},"end":{"line":87,"column":163}},"locations":[{"start":{"line":87,"column":24},"end":{"line":87,"column":163}}]},"3":{"type":"branch","line":87,"loc":{"start":{"line":87,"column":40},"end":{"line":87,"column":169}},"locations":[{"start":{"line":87,"column":40},"end":{"line":87,"column":169}}]},"4":{"type":"branch","line":116,"loc":{"start":{"line":116,"column":45},"end":{"line":116,"column":61}},"locations":[{"start":{"line":116,"column":45},"end":{"line":116,"column":61}}]},"5":{"type":"branch","line":116,"loc":{"start":{"line":116,"column":49},"end":{"line":116,"column":71}},"locations":[{"start":{"line":116,"column":49},"end":{"line":116,"column":71}}]},"6":{"type":"branch","line":117,"loc":{"start":{"line":117,"column":36},"end":{"line":117,"column":56}},"locations":[{"start":{"line":117,"column":36},"end":{"line":117,"column":56}}]},"7":{"type":"branch","line":117,"loc":{"start":{"line":117,"column":40},"end":{"line":117,"column":65}},"locations":[{"start":{"line":117,"column":40},"end":{"line":117,"column":65}}]},"8":{"type":"branch","line":42,"loc":{"start":{"line":42,"column":22},"end":{"line":48,"column":4}},"locations":[{"start":{"line":42,"column":22},"end":{"line":48,"column":4}}]},"9":{"type":"branch","line":43,"loc":{"start":{"line":43,"column":37},"end":{"line":46,"column":13}},"locations":[{"start":{"line":43,"column":37},"end":{"line":46,"column":13}}]},"10":{"type":"branch","line":44,"loc":{"start":{"line":44,"column":48},"end":{"line":44,"column":69}},"locations":[{"start":{"line":44,"column":48},"end":{"line":44,"column":69}}]},"11":{"type":"branch","line":44,"loc":{"start":{"line":44,"column":57},"end":{"line":44,"column":79}},"locations":[{"start":{"line":44,"column":57},"end":{"line":44,"column":79}}]},"12":{"type":"branch","line":50,"loc":{"start":{"line":50,"column":22},"end":{"line":57,"column":4}},"locations":[{"start":{"line":50,"column":22},"end":{"line":57,"column":4}}]},"13":{"type":"branch","line":59,"loc":{"start":{"line":59,"column":27},"end":{"line":61,"column":4}},"locations":[{"start":{"line":59,"column":27},"end":{"line":61,"column":4}}]},"14":{"type":"branch","line":63,"loc":{"start":{"line":63,"column":26},"end":{"line":65,"column":4}},"locations":[{"start":{"line":63,"column":26},"end":{"line":65,"column":4}}]},"15":{"type":"branch","line":64,"loc":{"start":{"line":64,"column":21},"end":{"line":64,"column":37}},"locations":[{"start":{"line":64,"column":21},"end":{"line":64,"column":37}}]},"16":{"type":"branch","line":113,"loc":{"start":{"line":113,"column":17},"end":{"line":113,"column":71}},"locations":[{"start":{"line":113,"column":17},"end":{"line":113,"column":71}}]},"17":{"type":"branch","line":113,"loc":{"start":{"line":113,"column":40},"end":{"line":113,"column":69}},"locations":[{"start":{"line":113,"column":40},"end":{"line":113,"column":69}}]}},"b":{"0":[35],"1":[6],"2":[1],"3":[34],"4":[29],"5":[6],"6":[29],"7":[6],"8":[35],"9":[175],"10":[170],"11":[5],"12":[35],"13":[2],"14":[5],"15":[5],"16":[1],"17":[1]},"fnMap":{"0":{"name":"ItemInfoCard","decl":{"start":{"line":31,"column":50},"end":{"line":124,"column":2}},"loc":{"start":{"line":31,"column":50},"end":{"line":124,"column":2}},"line":31},"1":{"name":"renderStars","decl":{"start":{"line":42,"column":22},"end":{"line":48,"column":4}},"loc":{"start":{"line":42,"column":22},"end":{"line":48,"column":4}},"line":42},"2":{"name":"formatPrice","decl":{"start":{"line":50,"column":22},"end":{"line":57,"column":4}},"loc":{"start":{"line":50,"column":22},"end":{"line":57,"column":4}},"line":50},"3":{"name":"handleHeartClick","decl":{"start":{"line":59,"column":27},"end":{"line":61,"column":4}},"loc":{"start":{"line":59,"column":27},"end":{"line":61,"column":4}},"line":59},"4":{"name":"handleAddToCart","decl":{"start":{"line":63,"column":26},"end":{"line":65,"column":4}},"loc":{"start":{"line":63,"column":26},"end":{"line":65,"column":4}},"line":63},"5":{"name":"onClick","decl":{"start":{"line":113,"column":17},"end":{"line":113,"column":71}},"loc":{"start":{"line":113,"column":17},"end":{"line":113,"column":71}},"line":113}},"f":{"0":35,"1":35,"2":35,"3":2,"4":5,"5":1}}
,"/Users/valerieparracortes/Desktop/challenges/meli-prototype/frontend/src/components/ItemInfoCard/index.ts": {"path":"/Users/valerieparracortes/Desktop/challenges/meli-prototype/frontend/src/components/ItemInfoCard/index.ts","all":true,"statementMap":{"0":{"start":{"line":1,"column":0},"end":{"line":1,"column":41}}},"s":{"0":0},"branchMap":{"0":{"type":"branch","line":1,"loc":{"start":{"line":1,"column":41},"end":{"line":1,"column":41}},"locations":[{"start":{"line":1,"column":41},"end":{"line":1,"column":41}}]}},"b":{"0":[0]},"fnMap":{"0":{"name":"(empty-report)","decl":{"start":{"line":1,"column":41},"end":{"line":1,"column":41}},"loc":{"start":{"line":1,"column":41},"end":{"line":1,"column":41}},"line":1}},"f":{"0":0}}
,"/Users/valerieparracortes/Desktop/challenges/meli-prototype/frontend/src/components/ItemOpinionsSection/ItemOpinionsSection.styled.tsx": {"path":"/Users/valerieparracortes/Desktop/challenges/meli-prototype/frontend/src/components/ItemOpinionsSection/ItemOpinionsSection.styled.tsx","all":true,"statementMap":{"0":{"start":{"line":1,"column":0},"end":{"line":1,"column":39}},"2":{"start":{"line":3,"column":0},"end":{"line":3,"column":44}},"5":{"start":{"line":6,"column":0},"end":{"line":6,"column":42}},"7":{"start":{"line":8,"column":0},"end":{"line":8,"column":51}},"11":{"start":{"line":12,"column":0},"end":{"line":12,"column":44}},"15":{"start":{"line":16,"column":0},"end":{"line":16,"column":37}},"20":{"start":{"line":21,"column":0},"end":{"line":21,"column":38}},"23":{"start":{"line":24,"column":0},"end":{"line":24,"column":42}}},"s":{"0":0,"2":0,"5":0,"7":0,"11":0,"15":0,"20":0,"23":0},"branchMap":{"0":{"type":"branch","line":1,"loc":{"start":{"line":1,"column":577},"end":{"line":25,"column":2}},"locations":[{"start":{"line":1,"column":577},"end":{"line":25,"column":2}}]}},"b":{"0":[0]},"fnMap":{"0":{"name":"(empty-report)","decl":{"start":{"line":1,"column":577},"end":{"line":25,"column":2}},"loc":{"start":{"line":1,"column":577},"end":{"line":25,"column":2}},"line":1}},"f":{"0":0}}
,"/Users/valerieparracortes/Desktop/challenges/meli-prototype/frontend/src/components/ItemOpinionsSection/ItemOpinionsSection.tsx": {"path":"/Users/valerieparracortes/Desktop/challenges/meli-prototype/frontend/src/components/ItemOpinionsSection/ItemOpinionsSection.tsx","all":false,"statementMap":{"0":{"start":{"line":1,"column":0},"end":{"line":1,"column":26}},"1":{"start":{"line":2,"column":0},"end":{"line":2,"column":9}},"6":{"start":{"line":7,"column":0},"end":{"line":7,"column":61}},"7":{"start":{"line":8,"column":0},"end":{"line":8,"column":39}},"28":{"start":{"line":29,"column":0},"end":{"line":29,"column":67}},"29":{"start":{"line":30,"column":0},"end":{"line":30,"column":17}},"30":{"start":{"line":31,"column":0},"end":{"line":31,"column":16}},"31":{"start":{"line":32,"column":0},"end":{"line":32,"column":16}},"32":{"start":{"line":33,"column":0},"end":{"line":33,"column":10}},"33":{"start":{"line":34,"column":0},"end":{"line":34,"column":7}},"34":{"start":{"line":35,"column":0},"end":{"line":35,"column":10}},"35":{"start":{"line":36,"column":0},"end":{"line":36,"column":23}},"36":{"start":{"line":37,"column":0},"end":{"line":37,"column":18}},"37":{"start":{"line":38,"column":0},"end":{"line":38,"column":30}},"38":{"start":{"line":39,"column":0},"end":{"line":39,"column":39}},"39":{"start":{"line":40,"column":0},"end":{"line":40,"column":37}},"40":{"start":{"line":41,"column":0},"end":{"line":41,"column":37}},"41":{"start":{"line":42,"column":0},"end":{"line":42,"column":10}},"42":{"start":{"line":43,"column":0},"end":{"line":43,"column":19}},"44":{"start":{"line":45,"column":0},"end":{"line":45,"column":19}},"45":{"start":{"line":46,"column":0},"end":{"line":46,"column":41}},"46":{"start":{"line":47,"column":0},"end":{"line":47,"column":52}},"47":{"start":{"line":48,"column":0},"end":{"line":48,"column":11}},"48":{"start":{"line":49,"column":0},"end":{"line":49,"column":20}},"49":{"start":{"line":50,"column":0},"end":{"line":50,"column":24}},"51":{"start":{"line":52,"column":0},"end":{"line":52,"column":2}},"53":{"start":{"line":54,"column":0},"end":{"line":54,"column":35}}},"s":{"0":1,"1":1,"6":1,"7":1,"28":1,"29":24,"30":24,"31":24,"32":24,"33":24,"34":24,"35":24,"36":24,"37":24,"38":24,"39":24,"40":24,"41":24,"42":24,"44":24,"45":24,"46":66,"47":24,"48":24,"49":24,"51":24,"53":1},"branchMap":{"0":{"type":"branch","line":29,"loc":{"start":{"line":29,"column":64},"end":{"line":52,"column":2}},"locations":[{"start":{"line":29,"column":64},"end":{"line":52,"column":2}}]},"1":{"type":"branch","line":46,"loc":{"start":{"line":46,"column":21},"end":{"line":47,"column":52}},"locations":[{"start":{"line":46,"column":21},"end":{"line":47,"column":52}}]}},"b":{"0":[24],"1":[66]},"fnMap":{"0":{"name":"ItemOpinionsSection","decl":{"start":{"line":29,"column":64},"end":{"line":52,"column":2}},"loc":{"start":{"line":29,"column":64},"end":{"line":52,"column":2}},"line":29}},"f":{"0":24}}
,"/Users/valerieparracortes/Desktop/challenges/meli-prototype/frontend/src/components/ItemOpinionsSection/index.ts": {"path":"/Users/valerieparracortes/Desktop/challenges/meli-prototype/frontend/src/components/ItemOpinionsSection/index.ts","all":true,"statementMap":{"0":{"start":{"line":1,"column":0},"end":{"line":1,"column":48}}},"s":{"0":0},"branchMap":{"0":{"type":"branch","line":1,"loc":{"start":{"line":1,"column":48},"end":{"line":1,"column":48}},"locations":[{"start":{"line":1,"column":48},"end":{"line":1,"column":48}}]}},"b":{"0":[0]},"fnMap":{"0":{"name":"(empty-report)","decl":{"start":{"line":1,"column":48},"end":{"line":1,"column":48}},"loc":{"start":{"line":1,"column":48},"end":{"line":1,"column":48}},"line":1}},"f":{"0":0}}
,"/Users/valerieparracortes/Desktop/challenges/meli-prototype/frontend/src/components/ItemPage/ItemPage.styled.tsx": {"path":"/Users/valerieparracortes/Desktop/challenges/meli-prototype/frontend/src/components/ItemPage/ItemPage.styled.tsx","all":true,"statementMap":{"0":{"start":{"line":1,"column":0},"end":{"line":1,"column":39}},"2":{"start":{"line":3,"column":0},"end":{"line":3,"column":44}},"8":{"start":{"line":9,"column":0},"end":{"line":9,"column":45}}},"s":{"0":0,"2":0,"8":0},"branchMap":{"0":{"type":"branch","line":1,"loc":{"start":{"line":1,"column":405},"end":{"line":22,"column":2}},"locations":[{"start":{"line":1,"column":405},"end":{"line":22,"column":2}}]}},"b":{"0":[0]},"fnMap":{"0":{"name":"(empty-report)","decl":{"start":{"line":1,"column":405},"end":{"line":22,"column":2}},"loc":{"start":{"line":1,"column":405},"end":{"line":22,"column":2}},"line":1}},"f":{"0":0}}
,"/Users/valerieparracortes/Desktop/challenges/meli-prototype/frontend/src/components/ItemPage/ItemPage.tsx": {"path":"/Users/valerieparracortes/Desktop/challenges/meli-prototype/frontend/src/components/ItemPage/ItemPage.tsx","all":false,"statementMap":{"0":{"start":{"line":1,"column":0},"end":{"line":1,"column":58}},"1":{"start":{"line":2,"column":0},"end":{"line":2,"column":37}},"2":{"start":{"line":3,"column":0},"end":{"line":3,"column":41}},"3":{"start":{"line":4,"column":0},"end":{"line":4,"column":74}},"5":{"start":{"line":6,"column":0},"end":{"line":6,"column":34}},"6":{"start":{"line":7,"column":0},"end":{"line":7,"column":45}},"7":{"start":{"line":8,"column":0},"end":{"line":8,"column":33}},"8":{"start":{"line":9,"column":0},"end":{"line":9,"column":18}},"10":{"start":{"line":11,"column":0},"end":{"line":11,"column":28}},"11":{"start":{"line":12,"column":0},"end":{"line":12,"column":18}},"12":{"start":{"line":13,"column":0},"end":{"line":13,"column":4}},"14":{"start":{"line":15,"column":0},"end":{"line":15,"column":10}},"15":{"start":{"line":16,"column":0},"end":{"line":16,"column":23}},"16":{"start":{"line":17,"column":0},"end":{"line":17,"column":26}},"17":{"start":{"line":18,"column":0},"end":{"line":18,"column":19}},"18":{"start":{"line":19,"column":0},"end":{"line":19,"column":47}},"19":{"start":{"line":20,"column":0},"end":{"line":20,"column":29}},"20":{"start":{"line":21,"column":0},"end":{"line":21,"column":10}},"21":{"start":{"line":22,"column":0},"end":{"line":22,"column":41}},"22":{"start":{"line":23,"column":0},"end":{"line":23,"column":27}},"23":{"start":{"line":24,"column":0},"end":{"line":24,"column":24}},"25":{"start":{"line":26,"column":0},"end":{"line":26,"column":2}},"27":{"start":{"line":28,"column":0},"end":{"line":28,"column":24}}},"s":{"0":1,"1":1,"2":1,"3":1,"5":1,"6":10,"7":10,"8":10,"10":10,"11":1,"12":1,"14":10,"15":10,"16":10,"17":10,"18":10,"19":10,"20":10,"21":10,"22":10,"23":10,"25":10,"27":1},"branchMap":{"0":{"type":"branch","line":6,"loc":{"start":{"line":6,"column":27},"end":{"line":26,"column":2}},"locations":[{"start":{"line":6,"column":27},"end":{"line":26,"column":2}}]},"1":{"type":"branch","line":22,"loc":{"start":{"line":22,"column":29},"end":{"line":22,"column":39}},"locations":[{"start":{"line":22,"column":29},"end":{"line":22,"column":39}}]},"2":{"type":"branch","line":11,"loc":{"start":{"line":11,"column":21},"end":{"line":13,"column":4}},"locations":[{"start":{"line":11,"column":21},"end":{"line":13,"column":4}}]}},"b":{"0":[10],"1":[2],"2":[1]},"fnMap":{"0":{"name":"ItemPage","decl":{"start":{"line":6,"column":27},"end":{"line":26,"column":2}},"loc":{"start":{"line":6,"column":27},"end":{"line":26,"column":2}},"line":6},"1":{"name":"handleBack","decl":{"start":{"line":11,"column":21},"end":{"line":13,"column":4}},"loc":{"start":{"line":11,"column":21},"end":{"line":13,"column":4}},"line":11}},"f":{"0":10,"1":1}}
,"/Users/valerieparracortes/Desktop/challenges/meli-prototype/frontend/src/components/ItemPage/index.ts": {"path":"/Users/valerieparracortes/Desktop/challenges/meli-prototype/frontend/src/components/ItemPage/index.ts","all":true,"statementMap":{"0":{"start":{"line":1,"column":0},"end":{"line":1,"column":37}}},"s":{"0":0},"branchMap":{"0":{"type":"branch","line":1,"loc":{"start":{"line":1,"column":37},"end":{"line":1,"column":37}},"locations":[{"start":{"line":1,"column":37},"end":{"line":1,"column":37}}]}},"b":{"0":[0]},"fnMap":{"0":{"name":"(empty-report)","decl":{"start":{"line":1,"column":37},"end":{"line":1,"column":37}},"loc":{"start":{"line":1,"column":37},"end":{"line":1,"column":37}},"line":1}},"f":{"0":0}}
,"/Users/valerieparracortes/Desktop/challenges/meli-prototype/frontend/src/components/ItemQuestion/ItemQuestion.styled.tsx": {"path":"/Users/valerieparracortes/Desktop/challenges/meli-prototype/frontend/src/components/ItemQuestion/ItemQuestion.styled.tsx","all":true,"statementMap":{"0":{"start":{"line":1,"column":0},"end":{"line":1,"column":39}},"2":{"start":{"line":3,"column":0},"end":{"line":3,"column":44}},"5":{"start":{"line":6,"column":0},"end":{"line":6,"column":42}},"7":{"start":{"line":8,"column":0},"end":{"line":8,"column":48}},"10":{"start":{"line":11,"column":0},"end":{"line":11,"column":39}},"11":{"start":{"line":12,"column":0},"end":{"line":12,"column":52}},"12":{"start":{"line":13,"column":0},"end":{"line":13,"column":50}},"13":{"start":{"line":14,"column":0},"end":{"line":14,"column":60}},"14":{"start":{"line":15,"column":0},"end":{"line":15,"column":53}},"19":{"start":{"line":20,"column":0},"end":{"line":20,"column":42}},"22":{"start":{"line":23,"column":0},"end":{"line":23,"column":42}},"23":{"start":{"line":24,"column":0},"end":{"line":24,"column":51}},"24":{"start":{"line":25,"column":0},"end":{"line":25,"column":72}},"25":{"start":{"line":26,"column":0},"end":{"line":26,"column":50}},"28":{"start":{"line":29,"column":0},"end":{"line":29,"column":37}},"29":{"start":{"line":30,"column":0},"end":{"line":30,"column":54}},"30":{"start":{"line":31,"column":0},"end":{"line":31,"column":52}},"31":{"start":{"line":32,"column":0},"end":{"line":32,"column":59}},"32":{"start":{"line":33,"column":0},"end":{"line":33,"column":53}},"37":{"start":{"line":38,"column":0},"end":{"line":38,"column":47}},"38":{"start":{"line":39,"column":0},"end":{"line":39,"column":54}},"42":{"start":{"line":43,"column":0},"end":{"line":43,"column":38}},"45":{"start":{"line":46,"column":0},"end":{"line":46,"column":49}},"48":{"start":{"line":49,"column":0},"end":{"line":49,"column":35}},"49":{"start":{"line":50,"column":0},"end":{"line":50,"column":54}},"50":{"start":{"line":51,"column":0},"end":{"line":51,"column":50}},"51":{"start":{"line":52,"column":0},"end":{"line":52,"column":59}},"52":{"start":{"line":53,"column":0},"end":{"line":53,"column":53}},"53":{"start":{"line":54,"column":0},"end":{"line":54,"column":49}}},"s":{"0":0,"2":0,"5":0,"7":0,"10":0,"11":0,"12":0,"13":0,"14":0,"19":0,"22":0,"23":0,"24":0,"25":0,"28":0,"29":0,"30":0,"31":0,"32":0,"37":0,"38":0,"42":0,"45":0,"48":0,"49":0,"50":0,"51":0,"52":0,"53":0},"branchMap":{"0":{"type":"branch","line":1,"loc":{"start":{"line":1,"column":1722},"end":{"line":56,"column":2}},"locations":[{"start":{"line":1,"column":1722},"end":{"line":56,"column":2}}]}},"b":{"0":[0]},"fnMap":{"0":{"name":"(empty-report)","decl":{"start":{"line":1,"column":1722},"end":{"line":56,"column":2}},"loc":{"start":{"line":1,"column":1722},"end":{"line":56,"column":2}},"line":1}},"f":{"0":0}}
,"/Users/valerieparracortes/Desktop/challenges/meli-prototype/frontend/src/components/ItemQuestion/ItemQuestion.tsx": {"path":"/Users/valerieparracortes/Desktop/challenges/meli-prototype/frontend/src/components/ItemQuestion/ItemQuestion.tsx","all":false,"statementMap":{"0":{"start":{"line":1,"column":0},"end":{"line":1,"column":40}},"1":{"start":{"line":2,"column":0},"end":{"line":2,"column":9}},"10":{"start":{"line":11,"column":0},"end":{"line":11,"column":33}},"23":{"start":{"line":24,"column":0},"end":{"line":24,"column":53}},"24":{"start":{"line":25,"column":0},"end":{"line":25,"column":18}},"25":{"start":{"line":26,"column":0},"end":{"line":26,"column":18}},"26":{"start":{"line":27,"column":0},"end":{"line":27,"column":7}},"27":{"start":{"line":28,"column":0},"end":{"line":28,"column":62}},"28":{"start":{"line":29,"column":0},"end":{"line":29,"column":52}},"30":{"start":{"line":31,"column":0},"end":{"line":31,"column":49}},"32":{"start":{"line":33,"column":0},"end":{"line":33,"column":38}},"33":{"start":{"line":34,"column":0},"end":{"line":34,"column":28}},"34":{"start":{"line":35,"column":0},"end":{"line":35,"column":4}},"36":{"start":{"line":37,"column":0},"end":{"line":37,"column":40}},"37":{"start":{"line":38,"column":0},"end":{"line":38,"column":12}},"38":{"start":{"line":39,"column":0},"end":{"line":39,"column":25}},"39":{"start":{"line":40,"column":0},"end":{"line":40,"column":47}},"40":{"start":{"line":41,"column":0},"end":{"line":41,"column":25}},"41":{"start":{"line":42,"column":0},"end":{"line":42,"column":43}},"42":{"start":{"line":43,"column":0},"end":{"line":43,"column":37}},"43":{"start":{"line":44,"column":0},"end":{"line":44,"column":26}},"44":{"start":{"line":45,"column":0},"end":{"line":45,"column":26}},"46":{"start":{"line":47,"column":0},"end":{"line":47,"column":3}},"49":{"start":{"line":50,"column":0},"end":{"line":50,"column":53}},"50":{"start":{"line":51,"column":0},"end":{"line":51,"column":49}},"52":{"start":{"line":53,"column":0},"end":{"line":53,"column":10}},"53":{"start":{"line":54,"column":0},"end":{"line":54,"column":23}},"54":{"start":{"line":55,"column":0},"end":{"line":55,"column":45}},"55":{"start":{"line":56,"column":0},"end":{"line":56,"column":23}},"56":{"start":{"line":57,"column":0},"end":{"line":57,"column":20}},"57":{"start":{"line":58,"column":0},"end":{"line":58,"column":23}},"58":{"start":{"line":59,"column":0},"end":{"line":59,"column":81}},"59":{"start":{"line":60,"column":0},"end":{"line":60,"column":21}},"60":{"start":{"line":61,"column":0},"end":{"line":61,"column":21}},"61":{"start":{"line":62,"column":0},"end":{"line":62,"column":47}},"63":{"start":{"line":64,"column":0},"end":{"line":64,"column":17}},"64":{"start":{"line":65,"column":0},"end":{"line":65,"column":22}},"65":{"start":{"line":66,"column":0},"end":{"line":66,"column":35}},"66":{"start":{"line":67,"column":0},"end":{"line":67,"column":24}},"67":{"start":{"line":68,"column":0},"end":{"line":68,"column":24}},"69":{"start":{"line":70,"column":0},"end":{"line":70,"column":2}},"71":{"start":{"line":72,"column":0},"end":{"line":72,"column":28}}},"s":{"0":1,"1":1,"10":1,"23":1,"24":21,"25":21,"26":21,"27":21,"28":21,"30":21,"32":21,"33":2,"34":2,"36":21,"37":14,"38":14,"39":14,"40":14,"41":14,"42":14,"43":14,"44":14,"46":14,"49":7,"50":7,"52":7,"53":7,"54":7,"55":7,"56":7,"57":7,"5
[...]
,"/Users/valerieparracortes/Desktop/challenges/meli-prototype/frontend/src/components/Shared/Link.styled.tsx": {"path":"/Users/valerieparracortes/Desktop/challenges/meli-prototype/frontend/src/components/Shared/Link.styled.tsx","all":false,"statementMap":{"0":{"start":{"line":1,"column":0},"end":{"line":1,"column":39}},"2":{"start":{"line":3,"column":0},"end":{"line":3,"column":29}},"3":{"start":{"line":4,"column":0},"end":{"line":4,"column":49}},"5":{"start":{"line":6,"column":0},"end":{"line":6,"column":50}},"6":{"start":{"line":7,"column":0},"end":{"line":7,"column":58}},"8":{"start":{"line":9,"column":0},"end":{"line":9,"column":55}},"12":{"start":{"line":13,"column":0},"end":{"line":13,"column":48}},"16":{"start":{"line":17,"column":0},"end":{"line":17,"column":49}},"20":{"start":{"line":21,"column":0},"end":{"line":21,"column":38}},"21":{"start":{"line":22,"column":0},"end":{"line":22,"column":54}},"23":{"start":{"line":24,"column":0},"end":{"line":24,"column":50}},"24":{"start":{"line":25,"column":0},"end":{"line":25,"column":59}},"26":{"start":{"line":27,"column":0},"end":{"line":27,"column":55}},"29":{"start":{"line":30,"column":0},"end":{"line":30,"column":54}},"34":{"start":{"line":35,"column":0},"end":{"line":35,"column":34}},"35":{"start":{"line":36,"column":0},"end":{"line":36,"column":49}},"37":{"start":{"line":38,"column":0},"end":{"line":38,"column":50}},"38":{"start":{"line":39,"column":0},"end":{"line":39,"column":58}},"40":{"start":{"line":41,"column":0},"end":{"line":41,"column":55}},"44":{"start":{"line":45,"column":0},"end":{"line":45,"column":48}},"48":{"start":{"line":49,"column":0},"end":{"line":49,"column":44}},"49":{"start":{"line":50,"column":0},"end":{"line":50,"column":51}},"50":{"start":{"line":51,"column":0},"end":{"line":51,"column":49}}},"s":{"0":1,"2":1,"3":1,"5":1,"6":1,"8":1,"12":1,"16":1,"20":1,"21":1,"23":1,"24":1,"26":1,"29":1,"34":1,"35":1,"37":1,"38":1,"40":1,"44":1,"48":1,"49":1,"50":1},"branchMap":{},"b":{},"fnMap":{"0":{"name":"__vite_ssr_import_0__.default.a.theme.theme","decl":{"start":{"line":4,"column":11},"end":{"line":4,"column":47}},"loc":{"start":{"line":4,"column":11},"end":{"line":4,"column":47}},"line":4},"1":{"name":"__vite_ssr_import_0__.default.a.theme.theme","decl":{"start":{"line":6,"column":15},"end":{"line":6,"column":48}},"loc":{"start":{"line":6,"column":15},"end":{"line":6,"column":48}},"line":6},"2":{"name":"__vite_ssr_import_0__.default.a.theme.theme","decl":{"start":{"line":7,"column":17},"end":{"line":7,"column":56}},"loc":{"start":{"line":7,"column":17},"end":{"line":7,"column":56}},"line":7},"3":{"name":"__vite_ssr_import_0__.default.a.theme.theme","decl":{"start":{"line":9,"column":16},"end":{"line":9,"column":53}},"loc":{"start":{"line":9,"column":16},"end":{"line":9,"column":53}},"line":9},"4":{"name":"__vite_ssr_import_0__.default.a.theme.theme","decl":{"start":{"line":13,"column":13},"end":{"line":13,"column":46}},"loc":{"start":{"line":13,"column":13},"end":{"line":13,"column":46}},"line":13},"5":{"name":"__vite_ssr_import_0__.default.a.theme.theme","decl":{"start":{"line":22,"column":11},"end":{"line":22,"column":52}},"loc":{"start":{"line":22,"column":11},"end":{"line":22,"column":52}},"line":22},"6":{"name":"__vite_ssr_import_0__.default.a.theme.theme","decl":{"start":{"line":24,"column":15},"end":{"line":24,"column":48}},"loc":{"start":{"line":24,"column":15},"end":{"line":24,"column":48}},"line":24},"7":{"name":"__vite_ssr_import_0__.default.a.theme.theme","decl":{"start":{"line":25,"column":17},"end":{"line":25,"column":57}},"loc":{"start":{"line":25,"column":17},"end":{"line":25,"column":57}},"line":25},"8":{"name":"__vite_ssr_import_0__.default.a.theme.theme","decl":{"start":{"line":27,"column":16},"end":{"line":27,"column":53}},"loc":{"start":{"line":27,"column":16},"end":{"line":27,"column":53}},"line":27},"9":{"name":"__vite_ssr_import_0__.default.a.theme.theme","decl":{"start":{"line":36,"column":11},"end":{"line":36,"column":47}},"loc":{"start":{"line":36,"column":11},"end":{"line":36,"column":47}},"line":36},"10":{"name":"__vite_ssr_import_0__.default.a.theme.theme","decl":{"start":{"line":38,"column":15},"end":{"line":38,"column":48}},"loc":{"start":{"line":38,"column":15},"end":{"line":38,"column":48}},"line":38},"11":{"name":"__vite_ssr_import_0__.default.a.theme.theme","decl":{"start":{"line":39,"column":17},"end":{"line":39,"column":56}},"loc":{"start":{"line":39,"column":17},"end":{"line":39,"column":56}},"line":39},"12":{"name":"__vite_ssr_import_0__.default.a.theme.theme","decl":{"start":{"line":41,"column":16},"end":{"line":41,"column":53}},"loc":{"start":{"line":41,"column":16},"end":{"line":41,"column":53}},"line":41},"13":{"name":"__vite_ssr_import_0__.default.div.theme.theme","decl":{"start":{"line":50,"column":18},"end":{"line":50,"column":49}},"loc":{"start":{"line":50,"column":18},"end":{"line":50,"column":49}},"line":50}},"f":{"0":0,"1":0,"2":0,"3":0,"4":0,"5":0,"6":0,"7":0,"8":0,"9":0,"10":0,"11":0,"12":0,"13":0}}
,"/Users/valerieparracortes/Desktop/challenges/meli-prototype/frontend/src/components/Shared/index.ts": {"path":"/Users/valerieparracortes/Desktop/challenges/meli-prototype/frontend/src/components/Shared/index.ts","all":true,"statementMap":{"0":{"start":{"line":1,"column":0},"end":{"line":1,"column":75}},"1":{"start":{"line":2,"column":0},"end":{"line":2,"column":82}},"2":{"start":{"line":3,"column":0},"end":{"line":3,"column":41}}},"s":{"0":0,"1":0,"2":0},"branchMap":{"0":{"type":"branch","line":1,"loc":{"start":{"line":1,"column":200},"end":{"line":3,"column":41}},"locations":[{"start":{"line":1,"column":200},"end":{"line":3,"column":41}}]}},"b":{"0":[0]},"fnMap":{"0":{"name":"(empty-report)","decl":{"start":{"line":1,"column":200},"end":{"line":3,"column":41}},"loc":{"start":{"line":1,"column":200},"end":{"line":3,"column":41}},"line":1}},"f":{"0":0}}
,"/Users/valerieparracortes/Desktop/challenges/meli-prototype/frontend/src/hooks/index.ts": {"path":"/Users/valerieparracortes/Desktop/challenges/meli-prototype/frontend/src/hooks/index.ts","all":true,"statementMap":{"0":{"start":{"line":1,"column":0},"end":{"line":1,"column":34}}},"s":{"0":0},"branchMap":{"0":{"type":"branch","line":1,"loc":{"start":{"line":1,"column":34},"end":{"line":1,"column":34}},"locations":[{"start":{"line":1,"column":34},"end":{"line":1,"column":34}}]}},"b":{"0":[0]},"fnMap":{"0":{"name":"(empty-report)","decl":{"start":{"line":1,"column":34},"end":{"line":1,"column":34}},"loc":{"start":{"line":1,"column":34},"end":{"line":1,"column":34}},"line":1}},"f":{"0":0}}
,"/Users/valerieparracortes/Desktop/challenges/meli-prototype/frontend/src/hooks/useGET.ts": {"path":"/Users/valerieparracortes/Desktop/challenges/meli-prototype/frontend/src/hooks/useGET.ts","all":false,"statementMap":{"0":{"start":{"line":1,"column":0},"end":{"line":1,"column":33}},"8":{"start":{"line":9,"column":0},"end":{"line":9,"column":56}},"9":{"start":{"line":10,"column":0},"end":{"line":10,"column":41}},"10":{"start":{"line":11,"column":0},"end":{"line":11,"column":41}},"11":{"start":{"line":12,"column":0},"end":{"line":12,"column":31}},"12":{"start":{"line":13,"column":0},"end":{"line":13,"column":38}},"13":{"start":{"line":14,"column":0},"end":{"line":14,"column":22}},"14":{"start":{"line":15,"column":0},"end":{"line":15,"column":41}},"15":{"start":{"line":16,"column":0},"end":{"line":16,"column":22}},"16":{"start":{"line":17,"column":0},"end":{"line":17,"column":12}},"17":{"start":{"line":18,"column":0},"end":{"line":18,"column":71}},"18":{"start":{"line":19,"column":0},"end":{"line":19,"column":5}},"19":{"start":{"line":20,"column":0},"end":{"line":20,"column":4}},"21":{"start":{"line":22,"column":0},"end":{"line":22,"column":10}},"22":{"start":{"line":23,"column":0},"end":{"line":23,"column":11}},"23":{"start":{"line":24,"column":0},"end":{"line":24,"column":10}},"24":{"start":{"line":25,"column":0},"end":{"line":25,"column":12}},"25":{"start":{"line":26,"column":0},"end":{"line":26,"column":4}},"26":{"start":{"line":27,"column":0},"end":{"line":27,"column":2}}},"s":{"0":1,"8":1,"9":54,"10":54,"11":54,"12":29,"13":29,"14":19,"15":18,"16":29,"17":9,"18":9,"19":29,"21":54,"22":54,"23":54,"24":54,"25":54,"26":54},"branchMap":{"0":{"type":"branch","line":9,"loc":{"start":{"line":9,"column":22},"end":{"line":27,"column":2}},"locations":[{"start":{"line":9,"column":22},"end":{"line":27,"column":2}}]},"1":{"type":"branch","line":12,"loc":{"start":{"line":12,"column":18},"end":{"line":20,"column":4}},"locations":[{"start":{"line":12,"column":18},"end":{"line":20,"column":4}}]},"2":{"type":"branch","line":13,"loc":{"start":{"line":13,"column":36},"end":{"line":14,"column":21}},"locations":[{"start":{"line":13,"column":36},"end":{"line":14,"column":21}}]},"3":{"type":"branch","line":14,"loc":{"start":{"line":14,"column":21},"end":{"line":17,"column":11}},"locations":[{"start":{"line":14,"column":21},"end":{"line":17,"column":11}}]},"4":{"type":"branch","line":15,"loc":{"start":{"line":15,"column":39},"end":{"line":17,"column":11}},"locations":[{"start":{"line":15,"column":39},"end":{"line":17,"column":11}}]},"5":{"type":"branch","line":17,"loc":{"start":{"line":17,"column":4},"end":{"line":19,"column":5}},"locations":[{"start":{"line":17,"column":4},"end":{"line":19,"column":5}}]}},"b":{"0":[54],"1":[29],"2":[28],"3":[19],"4":[18],"5":[9]},"fnMap":{"0":{"name":"useGET","decl":{"start":{"line":9,"column":22},"end":{"line":27,"column":2}},"loc":{"start":{"line":9,"column":22},"end":{"line":27,"column":2}},"line":9},"1":{"name":"request","decl":{"start":{"line":12,"column":18},"end":{"line":20,"column":4}},"loc":{"start":{"line":12,"column":18},"end":{"line":20,"column":4}},"line":12}},"f":{"0":54,"1":29}}
,"/Users/valerieparracortes/Desktop/challenges/meli-prototype/frontend/src/styled/GlobalStyles.ts": {"path":"/Users/valerieparracortes/Desktop/challenges/meli-prototype/frontend/src/styled/GlobalStyles.ts","all":true,"statementMap":{"0":{"start":{"line":1,"column":0},"end":{"line":1,"column":54}},"2":{"start":{"line":3,"column":0},"end":{"line":3,"column":39}},"15":{"start":{"line":16,"column":0},"end":{"line":16,"column":55}},"16":{"start":{"line":17,"column":0},"end":{"line":17,"column":71}},"17":{"start":{"line":18,"column":0},"end":{"line":18,"column":54}},"23":{"start":{"line":24,"column":0},"end":{"line":24,"column":51}},"25":{"start":{"line":26,"column":0},"end":{"line":26,"column":57}},"28":{"start":{"line":29,"column":0},"end":{"line":29,"column":54}},"42":{"start":{"line":43,"column":0},"end":{"line":43,"column":58}},"47":{"start":{"line":48,"column":0},"end":{"line":48,"column":54}},"51":{"start":{"line":52,"column":0},"end":{"line":52,"column":28}}},"s":{"0":0,"2":0,"15":0,"16":0,"17":0,"23":0,"25":0,"28":0,"42":0,"47":0,"51":0},"branchMap":{"0":{"type":"branch","line":1,"loc":{"start":{"line":1,"column":1033},"end":{"line":52,"column":28}},"locations":[{"start":{"line":1,"column":1033},"end":{"line":52,"column":28}}]}},"b":{"0":[0]},"fnMap":{"0":{"name":"(empty-report)","decl":{"start":{"line":1,"column":1033},"end":{"line":52,"column":28}},"loc":{"start":{"line":1,"column":1033},"end":{"line":52,"column":28}},"line":1}},"f":{"0":0}}
,"/Users/valerieparracortes/Desktop/challenges/meli-prototype/frontend/src/styled/theme.ts": {"path":"/Users/valerieparracortes/Desktop/challenges/meli-prototype/frontend/src/styled/theme.ts","all":false,"statementMap":{"0":{"start":{"line":1,"column":0},"end":{"line":1,"column":39}},"2":{"start":{"line":3,"column":0},"end":{"line":3,"column":21}}},"s":{"0":1,"2":1},"branchMap":{},"b":{},"fnMap":{},"f":{}}
,"/Users/valerieparracortes/Desktop/challenges/meli-prototype/frontend/src/types/theme.tsx": {"path":"/Users/valerieparracortes/Desktop/challenges/meli-prototype/frontend/src/types/theme.tsx","all":false,"statementMap":{"121":{"start":{"line":122,"column":0},"end":{"line":122,"column":29}},"122":{"start":{"line":123,"column":0},"end":{"line":123,"column":13}},"124":{"start":{"line":125,"column":0},"end":{"line":125,"column":56}},"125":{"start":{"line":126,"column":0},"end":{"line":126,"column":52}},"126":{"start":{"line":127,"column":0},"end":{"line":127,"column":52}},"127":{"start":{"line":128,"column":0},"end":{"line":128,"column":60}},"128":{"start":{"line":129,"column":0},"end":{"line":129,"column":51}},"131":{"start":{"line":132,"column":0},"end":{"line":132,"column":53}},"132":{"start":{"line":133,"column":0},"end":{"line":133,"column":54}},"133":{"start":{"line":134,"column":0},"end":{"line":134,"column":52}},"134":{"start":{"line":135,"column":0},"end":{"line":135,"column":63}},"137":{"start":{"line":138,"column":0},"end":{"line":138,"column":58}},"138":{"start":{"line":139,"column":0},"end":{"line":139,"column":59}},"139":{"start":{"line":140,"column":0},"end":{"line":140,"column":58}},"142":{"start":{"line":143,"column":0},"end":{"line":143,"column":58}},"143":{"start":{"line":144,"column":0},"end":{"line":144,"column":59}},"146":{"start":{"line":147,"column":0},"end":{"line":147,"column":63}},"147":{"start":{"line":148,"column":0},"end":{"line":148,"column":58}},"148":{"start":{"line":149,"column":0},"end":{"line":149,"column":63}},"151":{"start":{"line":152,"column":0},"end":{"line":152,"column":54}},"152":{"start":{"line":153,"column":0},"end":{"line":153,"column":50}},"153":{"start":{"line":154,"column":0},"end":{"line":154,"column":51}},"154":{"start":{"line":155,"column":0},"end":{"line":155,"column":53}},"155":{"start":{"line":156,"column":0},"end":{"line":156,"column":50}},"156":{"start":{"line":157,"column":0},"end":{"line":157,"column":50}},"159":{"start":{"line":160,"column":0},"end":{"line":160,"column":18}},"160":{"start":{"line":161,"column":0},"end":{"line":161,"column":63}},"161":{"start":{"line":162,"column":0},"end":{"line":162,"column":68}},"162":{"start":{"line":163,"column":0},"end":{"line":163,"column":65}},"163":{"start":{"line":164,"column":0},"end":{"line":164,"column":64}},"164":{"start":{"line":165,"column":0},"end":{"line":165,"column":61}},"165":{"start":{"line":166,"column":0},"end":{"line":166,"column":62}},"166":{"start":{"line":167,"column":0},"end":{"line":167,"column":10}},"167":{"start":{"line":168,"column":0},"end":{"line":168,"column":6}},"168":{"start":{"line":169,"column":0},"end":{"line":169,"column":12}},"170":{"start":{"line":171,"column":0},"end":{"line":171,"column":101}},"171":{"start":{"line":172,"column":0},"end":{"line":172,"column":113}},"172":{"start":{"line":173,"column":0},"end":{"line":173,"column":102}},"175":{"start":{"line":176,"column":0},"end":{"line":176,"column":109}},"176":{"start":{"line":177,"column":0},"end":{"line":177,"column":6}},"177":{"start":{"line":178,"column":0},"end":{"line":178,"column":18}},"178":{"start":{"line":179,"column":0},"end":{"line":179,"column":19}},"179":{"start":{"line":180,"column":0},"end":{"line":180,"column":21}},"180":{"start":{"line":181,"column":0},"end":{"line":181,"column":20}},"181":{"start":{"line":182,"column":0},"end":{"line":182,"column":22}},"182":{"start":{"line":183,"column":0},"end":{"line":183,"column":18}},"183":{"start":{"line":184,"column":0},"end":{"line":184,"column":23}},"184":{"start":{"line":185,"column":0},"end":{"line":185,"column":6}},"185":{"start":{"line":186,"column":0},"end":{"line":186,"column":16}},"186":{"start":{"line":187,"column":0},"end":{"line":187,"column":35}},"187":{"start":{"line":188,"column":0},"end":{"line":188,"column":35}},"188":{"start":{"line":189,"column":0},"end":{"line":189,"column":35}},"189":{"start":{"line":190,"column":0},"end":{"line":190,"column":35}},"190":{"start":{"line":191,"column":0},"end":{"line":191,"column":35}},"191":{"start":{"line":192,"column":0},"end":{"line":192,"column":35}},"192":{"start":{"line":193,"column":0},"end":{"line":193,"column":35}},"193":{"start":{"line":194,"column":0},"end":{"line":194,"column":35}},"194":{"start":{"line":195,"column":0},"end":{"line":195,"column":35}},"195":{"start":{"line":196,"column":0},"end":{"line":196,"column":6}},"196":{"start":{"line":197,"column":0},"end":{"line":197,"column":14}},"197":{"start":{"line":198,"column":0},"end":{"line":198,"column":34}},"198":{"start":{"line":199,"column":0},"end":{"line":199,"column":34}},"199":{"start":{"line":200,"column":0},"end":{"line":200,"column":35}},"200":{"start":{"line":201,"column":0},"end":{"line":201,"column":35}},"201":{"start":{"line":202,"column":0},"end":{"line":202,"column":35}},"202":{"start":{"line":203,"column":0},"end":{"line":203,"column":35}},"203":{"start":{"line":204,"column":0},"end":{"line":204,"column":35}},"204":{"start":{"line":205,"column":0},"end":{"line":205,"column":6}},"205":{"start":{"line":206,"column":0},"end":{"line":206,"column":19}},"206":{"start":{"line":207,"column":0},"end":{"line":207,"column":18}},"207":{"start":{"line":208,"column":0},"end":{"line":208,"column":34}},"208":{"start":{"line":209,"column":0},"end":{"line":209,"column":34}},"209":{"start":{"line":210,"column":0},"end":{"line":210,"column":34}},"210":{"start":{"line":211,"column":0},"end":{"line":211,"column":34}},"211":{"start":{"line":212,"column":0},"end":{"line":212,"column":35}},"212":{"start":{"line":213,"column":0},"end":{"line":213,"column":23}},"213":{"start":{"line":214,"column":0},"end":{"line":214,"column":6}},"214":{"start":{"line":215,"column":0},"end":{"line":215,"column":14}},"215":{"start":{"line":216,"column":0},"end":{"line":216,"column":46}},"216":{"start":{"line":217,"column":0},"end":{"line":217,"column":80}},"217":{"start":{"line":218,"column":0},"end":{"line":218,"column":84}},"218":{"start":{"line":219,"column":0},"end":{"line":219,"column":86}},"219":{"start":{"line":220,"column":0},"end":{"line":220,"column":88}},"220":{"start":{"line":221,"column":0},"end":{"line":221,"column":6}},"221":{"start":{"line":222,"column":0},"end":{"line":222,"column":18}},"222":{"start":{"line":223,"column":0},"end":{"line":223,"column":20}},"223":{"start":{"line":224,"column":0},"end":{"line":224,"column":20}},"224":{"start":{"line":225,"column":0},"end":{"line":225,"column":20}},"225":{"start":{"line":226,"column":0},"end":{"line":226,"column":21}},"226":{"start":{"line":227,"column":0},"end":{"line":227,"column":21}},"227":{"start":{"line":228,"column":0},"end":{"line":228,"column":24}},"228":{"start":{"line":229,"column":0},"end":{"line":229,"column":6}},"229":{"start":{"line":230,"column":0},"end":{"line":230,"column":18}},"230":{"start":{"line":231,"column":0},"end":{"line":231,"column":34}},"231":{"start":{"line":232,"column":0},"end":{"line":232,"column":34}},"232":{"start":{"line":233,"column":0},"end":{"line":233,"column":34}},"233":{"start":{"line":234,"column":0},"end":{"line":234,"column":6}},"234":{"start":{"line":235,"column":0},"end":{"line":235,"column":2}}},"s":{"121":1,"122":1,"124":1,"125":1,"126":1,"127":1,"128":1,"131":1,"132":1,"133":1,"134":1,"137":1,"138":1,"139":1,"142":1,"143":1,"146":1,"147":1,"148":1,"151":1,"152":1,"153":1,"154":1,"155":1,"156":1,"159":1,"160":1,"161":1,"162":1,"163":1,"164":1,"165":1,"166":1,"167":1,"168":1,"170":1,"171":1,"172":1,"175":1,"176":1,"177":1,"178":1,"179":1,"180":1,"181":1,"182":1,"183":1,"184":1,"185":1,"186":1,"187":1,"188":1,"189":1,"190":1,"191":1,"192":1,"193":1,"194":1,"195":1,"196":1,"197":1,"198":1,"199":1,"200":1,"201":1,"202":1,"203":1,"204":1,"205":1,"206":1,"207":1,"208":1,"209":1,"210":1,"211":1,"212":1,"213":1,"214":1,"215":1,"216":1,"217":1,"218":1,"219":1,"220":1,"221":1,"222":1,"223":1,"224":1,"225":1,"226":1,"227":1,"228":1,"229":1,"230":1,"231":1,"232":1,"233":1,"234":1},"branchMap":{},"b":{},"fnMap":{},"f":{}}
}
